2023-06-01 15:04:51,713 [INFO] Activator:176 - 


2023-06-01 15:04:51,715 [INFO] Activator:177 - !SESSION log4j initialized
2023-06-01 15:05:00,155 [INFO] LogOutputStream:77 - [STDOUT_REDIRECT] 
2023-06-01 15:05:45,708 [ERROR] LogOutputStream:75 - [STDERR_REDIRECT] SLF4J: Failed to load class "org.slf4j.impl.StaticLoggerBinder".
2023-06-01 15:05:45,709 [ERROR] LogOutputStream:75 - [STDERR_REDIRECT] SLF4J: Defaulting to no-operation (NOP) logger implementation
2023-06-01 15:05:45,712 [ERROR] LogOutputStream:75 - [STDERR_REDIRECT] SLF4J: See http://www.slf4j.org/codes.html#StaticLoggerBinder for further details.
2023-06-01 15:06:52,024 [INFO] ApplicationProperties:184 - Using Application install path: C:\ST\STM32CubeIDE_1.12.0\STM32CubeIDE\plugins\com.st.stm32cube.common.mx_6.8.0.202302231600
2023-06-01 15:06:52,099 [INFO] DbMcusXml:78 - Set database path to: C:\ST\STM32CubeIDE_1.12.0\STM32CubeIDE\plugins\com.st.stm32cube.common.mx_6.8.0.202302231600\\db\/mcu/
2023-06-01 15:06:52,100 [INFO] ApiDb:274 - Set plugin database path to: C:\ST\STM32CubeIDE_1.12.0\STM32CubeIDE\plugins\com.st.stm32cube.common.mx_6.8.0.202302231600\\db\/plugins/boardmanager/
2023-06-01 15:06:52,101 [WARN] ApiDb:259 - Overriding images path with different value:  => C:\ST\STM32CubeIDE_1.12.0\STM32CubeIDE\plugins\com.st.stm32cube.common.mx_6.8.0.202302231600\\db\/plugins/mcufinder/images/
2023-06-01 15:06:52,287 [INFO] ApiDb:250 - Set database path to: C:\Users\User\.stmcufinder\plugins\mcufinder//mcu/
2023-06-01 15:06:52,289 [INFO] DbMcusAds:125 - Set database path to: C:\Users\User\.stmcufinder\plugins\mcufinder//mcu/
2023-06-01 15:06:52,295 [INFO] CrossReferenceDbSqlite:203 - Set database path to: C:\Users\User\.stmcufinder\plugins\mcufinder//mcu/cs/
2023-06-01 15:06:52,674 [INFO] RulesReader:64 - Compatibility file has been processed (293 Rules)
2023-06-01 15:06:53,032 [INFO] DbMcusXml:78 - Set database path to: C:\ST\STM32CubeIDE_1.12.0\STM32CubeIDE\plugins\com.st.stm32cube.common.mx_6.8.0.202302231600\\db\/mcu/
2023-06-01 15:06:53,032 [INFO] ApiDb:274 - Set plugin database path to: C:\ST\STM32CubeIDE_1.12.0\STM32CubeIDE\plugins\com.st.stm32cube.common.mx_6.8.0.202302231600\\db\/plugins/boardmanager/
2023-06-01 15:06:53,033 [INFO] ApiDb:261 - Set plugin images path to: C:\ST\STM32CubeIDE_1.12.0\STM32CubeIDE\plugins\com.st.stm32cube.common.mx_6.8.0.202302231600\\db\/plugins/mcufinder/images/
2023-06-01 15:06:53,033 [WARN] DbFile:41 - Overriding database path with different value: C:\Users\User\.stmcufinder\plugins\mcufinder/ => C:\Users\User\.stmcufinder\plugins\mcufinder
2023-06-01 15:06:53,033 [INFO] ApiDb:250 - Set database path to: C:\Users\User\.stmcufinder\plugins\mcufinder//mcu/
2023-06-01 15:06:53,033 [WARN] DbFile:41 - Overriding database path with different value: C:\Users\User\.stmcufinder\plugins\mcufinder/ => C:\Users\User\.stmcufinder\plugins\mcufinder
2023-06-01 15:06:53,033 [INFO] DbMcusAds:125 - Set database path to: C:\Users\User\.stmcufinder\plugins\mcufinder//mcu/
2023-06-01 15:06:53,033 [WARN] DbFile:41 - Overriding database path with different value: C:\Users\User\.stmcufinder\plugins\mcufinder/ => C:\Users\User\.stmcufinder\plugins\mcufinder
2023-06-01 15:06:53,033 [WARN] DbFile:41 - Overriding database path with different value: C:\Users\User\.stmcufinder\plugins\mcufinder/ => C:\Users\User\.stmcufinder\plugins\mcufinder
2023-06-01 15:06:53,034 [INFO] CrossReferenceDbSqlite:203 - Set database path to: C:\Users\User\.stmcufinder\plugins\mcufinder//mcu/cs/
2023-06-01 15:06:53,289 [INFO] MainPanel:253 - HeapMemory: 415236096
2023-06-01 15:06:53,877 [INFO] DbMcusXml:78 - Set database path to: C:\ST\STM32CubeIDE_1.12.0\STM32CubeIDE\plugins\com.st.stm32cube.common.mx_6.8.0.202302231600\\db\/mcu/
2023-06-01 15:06:53,877 [INFO] ApiDb:274 - Set plugin database path to: C:\ST\STM32CubeIDE_1.12.0\STM32CubeIDE\plugins\com.st.stm32cube.common.mx_6.8.0.202302231600\\db\/plugins/boardmanager/
2023-06-01 15:06:53,877 [INFO] ApiDb:261 - Set plugin images path to: C:\ST\STM32CubeIDE_1.12.0\STM32CubeIDE\plugins\com.st.stm32cube.common.mx_6.8.0.202302231600\\db\/plugins/mcufinder/images/
2023-06-01 15:06:53,877 [WARN] DbFile:41 - Overriding database path with different value: C:\Users\User\.stmcufinder\plugins\mcufinder/ => C:\Users\User\.stmcufinder\plugins\mcufinder
2023-06-01 15:06:53,877 [INFO] ApiDb:250 - Set database path to: C:\Users\User\.stmcufinder\plugins\mcufinder//mcu/
2023-06-01 15:06:53,878 [WARN] DbFile:41 - Overriding database path with different value: C:\Users\User\.stmcufinder\plugins\mcufinder/ => C:\Users\User\.stmcufinder\plugins\mcufinder
2023-06-01 15:06:53,878 [INFO] DbMcusAds:125 - Set database path to: C:\Users\User\.stmcufinder\plugins\mcufinder//mcu/
2023-06-01 15:06:53,878 [WARN] DbFile:41 - Overriding database path with different value: C:\Users\User\.stmcufinder\plugins\mcufinder/ => C:\Users\User\.stmcufinder\plugins\mcufinder
2023-06-01 15:06:53,878 [WARN] DbFile:41 - Overriding database path with different value: C:\Users\User\.stmcufinder\plugins\mcufinder/ => C:\Users\User\.stmcufinder\plugins\mcufinder
2023-06-01 15:06:53,878 [INFO] CrossReferenceDbSqlite:203 - Set database path to: C:\Users\User\.stmcufinder\plugins\mcufinder//mcu/cs/
2023-06-01 15:06:53,945 [INFO] ApplicationProperties:184 - Using Application install path: C:\ST\STM32CubeIDE_1.12.0\STM32CubeIDE\plugins\com.st.stm32cube.common.mx_6.8.0.202302231600
2023-06-01 15:06:53,960 [INFO] PluginManage:196 - Search for loadable plugins [exclusion list=, ]
2023-06-01 15:06:53,978 [INFO] PluginManage:310 - Check plugin analytics
2023-06-01 15:06:54,264 [INFO] AnalyticsPlugin:253 - Accepted Software Licenses: 
2023-06-01 15:06:54,266 [INFO] AnalyticsPlugin:255 - Accepted CMSIS Pack Licenses: 
2023-06-01 15:06:54,267 [INFO] AnalyticsPlugin:257 - Accepted Firmware Licenses: FW.F4.1.27.0
2023-06-01 15:06:54,282 [INFO] PluginManage:359 - Loaded plugin analytics (category:tool,tabindex:-1)
2023-06-01 15:06:54,282 [INFO] PluginManage:310 - Check plugin cadmodel
2023-06-01 15:06:54,332 [INFO] CADModel:105 - Init CAD model plugin
2023-06-01 15:06:54,332 [INFO] PluginManage:359 - Loaded plugin cadmodel (category:power,tabindex:5)
2023-06-01 15:06:54,332 [INFO] PluginManage:310 - Check plugin clock
2023-06-01 15:06:54,394 [INFO] PluginManage:359 - Loaded plugin clock (category:base,tabindex:2)
2023-06-01 15:06:54,395 [INFO] PluginManage:310 - Check plugin ddr
2023-06-01 15:06:54,436 [INFO] PluginManage:359 - Loaded plugin ddr (category:tool,tabindex:6)
2023-06-01 15:06:54,436 [INFO] PluginManage:310 - Check plugin filemanager
2023-06-01 15:06:54,787 [INFO] PluginManage:359 - Loaded plugin filemanager (category:base,tabindex:10)
2023-06-01 15:06:54,787 [INFO] PluginManage:310 - Check plugin ipmanager
2023-06-01 15:06:54,805 [INFO] PluginManage:359 - Loaded plugin ipmanager (category:base,tabindex:5)
2023-06-01 15:06:54,805 [INFO] PluginManage:310 - Check plugin lpbam
2023-06-01 15:06:54,840 [INFO] PluginManage:359 - Loaded plugin lpbam (category:base,tabindex:0)
2023-06-01 15:06:54,840 [INFO] PluginManage:310 - Check plugin pinoutandconfiguration
2023-06-01 15:06:54,891 [INFO] PluginManage:359 - Loaded plugin pinoutandconfiguration (category:base,tabindex:1)
2023-06-01 15:06:54,891 [INFO] PluginManage:310 - Check plugin pinoutconfig
2023-06-01 15:06:55,181 [WARN] SupportedApi:132 - Cannot load RTOS API schema: s4s-elt-must-match.1: The content of 'definitions' must match (annotation?, (simpleType | complexType)?, (unique | key | keyref)*)). A problem was found starting at: attribute.
2023-06-01 15:06:55,460 [INFO] PluginManage:359 - Loaded plugin pinoutconfig (category:base,tabindex:0)
2023-06-01 15:06:55,460 [INFO] PluginManage:310 - Check plugin power
2023-06-01 15:06:55,533 [INFO] PluginManage:359 - Loaded plugin power (category:power,tabindex:4)
2023-06-01 15:06:55,533 [INFO] PluginManage:310 - Check plugin projectmanager
2023-06-01 15:06:55,587 [INFO] PluginManage:359 - Loaded plugin projectmanager (category:projectmanager,tabindex:3)
2023-06-01 15:06:55,587 [INFO] PluginManage:310 - Check plugin thirdparty
2023-06-01 15:06:56,053 [INFO] PluginManage:359 - Loaded plugin thirdparty (category:base,tabindex:-1)
2023-06-01 15:06:56,054 [INFO] PluginManage:310 - Check plugin tools
2023-06-01 15:06:56,053 [WARN] IntegrityCheckThread:84 - waiting for thirdparty lock release [integrity check]
2023-06-01 15:06:56,054 [INFO] IntegrityCheckThread:86 - entering critical section [integrity check]
2023-06-01 15:06:56,055 [INFO] ThirdPartyUpdaterWithRetryManager:70 - Updater plugin not ready yet. [1/15]
2023-06-01 15:06:56,068 [INFO] PluginManage:359 - Loaded plugin tools (category:base,tabindex:7)
2023-06-01 15:06:56,068 [INFO] PluginManage:310 - Check plugin tutovideos
2023-06-01 15:06:56,459 [INFO] PluginManage:359 - Loaded plugin tutovideos (category:base,tabindex:-1)
2023-06-01 15:06:56,459 [INFO] PluginManage:310 - Check plugin updater
2023-06-01 15:06:56,499 [INFO] PluginManage:359 - Loaded plugin updater (category:base,tabindex:12)
2023-06-01 15:06:56,500 [INFO] PluginManage:283 - PluginManage : Loaded plugins [15]
2023-06-01 15:06:57,541 [INFO] PinOutPanel:1499 - setPackage(No Configuration,No Configuration)
2023-06-01 15:06:57,720 [INFO] CADModel:165 - CPN selected for project level
2023-06-01 15:06:57,720 [INFO] CADModel:114 - Register for checkConnection events
2023-06-01 15:06:57,777 [INFO] IPUIPlugin:80 - create IPUIPlugin
2023-06-01 15:06:57,778 [INFO] PluginManager:220 - loadIPPluginJar : add adc
2023-06-01 15:06:57,787 [INFO] IPUIPlugin:80 - create IPUIPlugin
2023-06-01 15:06:57,788 [INFO] PluginManager:220 - loadIPPluginJar : add aes
2023-06-01 15:06:57,797 [INFO] IPUIPlugin:80 - create IPUIPlugin
2023-06-01 15:06:57,798 [INFO] PluginManager:220 - loadIPPluginJar : add can
2023-06-01 15:06:57,800 [INFO] IPUIPlugin:80 - create IPUIPlugin
2023-06-01 15:06:57,801 [INFO] PluginManager:220 - loadIPPluginJar : add comp
2023-06-01 15:06:57,812 [INFO] IPUIPlugin:80 - create IPUIPlugin
2023-06-01 15:06:57,812 [INFO] PluginManager:220 - loadIPPluginJar : add cryp
2023-06-01 15:06:57,826 [INFO] IPUIPlugin:80 - create IPUIPlugin
2023-06-01 15:06:57,826 [INFO] PluginManager:220 - loadIPPluginJar : add dfsdm
2023-06-01 15:06:57,859 [INFO] IPUIPlugin:80 - create IPUIPlugin
2023-06-01 15:06:57,860 [INFO] PluginManager:220 - loadIPPluginJar : add dma
2023-06-01 15:06:57,885 [INFO] IPUIPlugin:80 - create IPUIPlugin
2023-06-01 15:06:57,886 [INFO] PluginManager:220 - loadIPPluginJar : add dma3
2023-06-01 15:06:57,894 [INFO] IPUIPlugin:80 - create IPUIPlugin
2023-06-01 15:06:57,894 [INFO] PluginManager:220 - loadIPPluginJar : add fatfs
2023-06-01 15:06:57,929 [INFO] IPUIPlugin:80 - create IPUIPlugin
2023-06-01 15:06:57,929 [INFO] PluginManager:220 - loadIPPluginJar : add fmc
2023-06-01 15:06:57,963 [INFO] IPUIPlugin:80 - create IPUIPlugin
2023-06-01 15:06:57,964 [INFO] PluginManager:220 - loadIPPluginJar : add freertos
2023-06-01 15:06:57,966 [INFO] IPUIPlugin:80 - create IPUIPlugin
2023-06-01 15:06:57,966 [INFO] PluginManager:220 - loadIPPluginJar : add genericplugin
2023-06-01 15:06:57,980 [INFO] IPUIPlugin:80 - create IPUIPlugin
2023-06-01 15:06:57,981 [INFO] PluginManager:220 - loadIPPluginJar : add gfxmmu
2023-06-01 15:06:58,006 [INFO] IPUIPlugin:80 - create IPUIPlugin
2023-06-01 15:06:58,007 [INFO] PluginManager:220 - loadIPPluginJar : add gic
2023-06-01 15:06:58,040 [INFO] IPUIPlugin:80 - create IPUIPlugin
2023-06-01 15:06:58,041 [INFO] PluginManager:220 - loadIPPluginJar : add gpio
2023-06-01 15:06:58,065 [INFO] IPUIPlugin:80 - create IPUIPlugin
2023-06-01 15:06:58,065 [INFO] PluginManager:220 - loadIPPluginJar : add gtzc
2023-06-01 15:06:58,069 [INFO] IPUIPlugin:80 - create IPUIPlugin
2023-06-01 15:06:58,069 [INFO] PluginManager:220 - loadIPPluginJar : add hash
2023-06-01 15:06:58,083 [INFO] IPUIPlugin:80 - create IPUIPlugin
2023-06-01 15:06:58,083 [INFO] PluginManager:220 - loadIPPluginJar : add i2c
2023-06-01 15:06:58,099 [INFO] IPUIPlugin:80 - create IPUIPlugin
2023-06-01 15:06:58,099 [INFO] PluginManager:220 - loadIPPluginJar : add i2s
2023-06-01 15:06:58,113 [INFO] IPUIPlugin:80 - create IPUIPlugin
2023-06-01 15:06:58,114 [INFO] PluginManager:220 - loadIPPluginJar : add i3c
2023-06-01 15:06:58,129 [INFO] IPUIPlugin:80 - create IPUIPlugin
2023-06-01 15:06:58,129 [INFO] PluginManager:220 - loadIPPluginJar : add ipddr
2023-06-01 15:06:58,158 [INFO] IPUIPlugin:80 - create IPUIPlugin
2023-06-01 15:06:58,158 [INFO] PluginManager:220 - loadIPPluginJar : add linkedlist
2023-06-01 15:06:58,169 [INFO] IPUIPlugin:80 - create IPUIPlugin
2023-06-01 15:06:58,170 [INFO] PluginManager:220 - loadIPPluginJar : add lorawan
2023-06-01 15:06:58,243 [INFO] IPUIPlugin:80 - create IPUIPlugin
2023-06-01 15:06:58,243 [INFO] PluginManager:220 - loadIPPluginJar : add ltdc
2023-06-01 15:06:58,270 [INFO] IPUIPlugin:80 - create IPUIPlugin
2023-06-01 15:06:58,270 [INFO] PluginManager:220 - loadIPPluginJar : add mdma
2023-06-01 15:06:58,288 [INFO] IPUIPlugin:80 - create IPUIPlugin
2023-06-01 15:06:58,289 [INFO] PluginManager:220 - loadIPPluginJar : add nvic
2023-06-01 15:06:58,303 [INFO] IPUIPlugin:80 - create IPUIPlugin
2023-06-01 15:06:58,303 [INFO] PluginManager:220 - loadIPPluginJar : add opamp
2023-06-01 15:06:58,309 [INFO] IPUIPlugin:80 - create IPUIPlugin
2023-06-01 15:06:58,309 [INFO] PluginManager:220 - loadIPPluginJar : add openamp
2023-06-01 15:06:58,324 [INFO] IPUIPlugin:80 - create IPUIPlugin
2023-06-01 15:06:58,324 [INFO] PluginManager:220 - loadIPPluginJar : add pdm2pcm
2023-06-01 15:06:58,344 [INFO] IPUIPlugin:80 - create IPUIPlugin
2023-06-01 15:06:58,348 [INFO] PluginManager:220 - loadIPPluginJar : add plateformsettings
2023-06-01 15:06:58,351 [INFO] IPUIPlugin:80 - create IPUIPlugin
2023-06-01 15:06:58,351 [INFO] PluginManager:220 - loadIPPluginJar : add quadspi
2023-06-01 15:06:58,385 [INFO] IPUIPlugin:80 - create IPUIPlugin
2023-06-01 15:06:58,386 [INFO] PluginManager:220 - loadIPPluginJar : add resmgrutility
2023-06-01 15:06:58,401 [INFO] IPUIPlugin:80 - create IPUIPlugin
2023-06-01 15:06:58,401 [INFO] PluginManager:220 - loadIPPluginJar : add sai
2023-06-01 15:06:58,411 [INFO] IPUIPlugin:80 - create IPUIPlugin
2023-06-01 15:06:58,411 [INFO] PluginManager:220 - loadIPPluginJar : add spi
2023-06-01 15:06:58,417 [INFO] IPUIPlugin:80 - create IPUIPlugin
2023-06-01 15:06:58,417 [INFO] PluginManager:220 - loadIPPluginJar : add stm32_wpan
2023-06-01 15:06:58,430 [INFO] IPUIPlugin:80 - create IPUIPlugin
2023-06-01 15:06:58,430 [INFO] PluginManager:220 - loadIPPluginJar : add tim
2023-06-01 15:06:58,444 [INFO] IPUIPlugin:80 - create IPUIPlugin
2023-06-01 15:06:58,444 [INFO] PluginManager:220 - loadIPPluginJar : add touchsensing
2023-06-01 15:06:58,483 [INFO] IPUIPlugin:80 - create IPUIPlugin
2023-06-01 15:06:58,484 [INFO] PluginManager:220 - loadIPPluginJar : add tracer_emb
2023-06-01 15:06:58,492 [INFO] IPUIPlugin:80 - create IPUIPlugin
2023-06-01 15:06:58,493 [INFO] PluginManager:220 - loadIPPluginJar : add ts
2023-06-01 15:06:58,503 [INFO] IPUIPlugin:80 - create IPUIPlugin
2023-06-01 15:06:58,503 [INFO] PluginManager:220 - loadIPPluginJar : add tsc
2023-06-01 15:06:58,513 [INFO] IPUIPlugin:80 - create IPUIPlugin
2023-06-01 15:06:58,513 [INFO] PluginManager:220 - loadIPPluginJar : add ucpd
2023-06-01 15:06:58,524 [INFO] IPUIPlugin:80 - create IPUIPlugin
2023-06-01 15:06:58,524 [INFO] PluginManager:220 - loadIPPluginJar : add usart
2023-06-01 15:06:58,540 [INFO] IPUIPlugin:80 - create IPUIPlugin
2023-06-01 15:06:58,541 [INFO] PluginManager:220 - loadIPPluginJar : add usbx
2023-06-01 15:06:58,708 [INFO] CADModel:165 - CPN selected for project level
2023-06-01 15:06:58,708 [INFO] CADModel:114 - Register for checkConnection events
2023-06-01 15:06:58,709 [FATAL] Updater:308 - Updater called before beeing initialized
2023-06-01 15:06:58,709 [ERROR] CADModel:125 - Updater not yet initialized, retry later 
2023-06-01 15:06:59,069 [INFO] ThirdPartyUpdaterWithRetryManager:70 - Updater plugin not ready yet. [2/15]
2023-06-01 15:06:59,166 [INFO] CADModel:165 - CPN selected for project level
2023-06-01 15:06:59,166 [INFO] CADModel:114 - Register for checkConnection events
2023-06-01 15:06:59,166 [FATAL] Updater:308 - Updater called before beeing initialized
2023-06-01 15:06:59,166 [ERROR] CADModel:125 - Updater not yet initialized, retry later 
2023-06-01 15:06:59,170 [FATAL] Updater:308 - Updater called before beeing initialized
2023-06-01 15:06:59,485 [FATAL] Updater:308 - Updater called before beeing initialized
2023-06-01 15:06:59,495 [INFO] DbMcusAds:53 - JSON generation date=Tue Mar 07 11:50:55 TRT 2023 (1678179055335)
2023-06-01 15:06:59,495 [FATAL] Updater:308 - Updater called before beeing initialized
2023-06-01 15:06:59,660 [WARN] DetailPanel:346 - Failed to get advertising image, set to default
2023-06-01 15:06:59,810 [FATAL] Updater:308 - Updater called before beeing initialized
2023-06-01 15:06:59,855 [FATAL] Updater:308 - Updater called before beeing initialized
2023-06-01 15:06:59,855 [FATAL] Updater:308 - Updater called before beeing initialized
2023-06-01 15:06:59,855 [WARN] DetailPanel:346 - Failed to get advertising image, set to default
2023-06-01 15:06:59,856 [FATAL] Updater:308 - Updater called before beeing initialized
2023-06-01 15:06:59,989 [ERROR] Updater:1120 - MainUpdater not yet initialized. External WinMGr cannot be set.
2023-06-01 15:07:00,007 [INFO] Updater:1056 - Updater Version found : 6.8.0
2023-06-01 15:07:00,050 [INFO] ApplicationProperties:184 - Using Application install path: C:\ST\STM32CubeIDE_1.12.0\STM32CubeIDE\plugins\com.st.stm32cube.common.mx_6.8.0.202302231600
2023-06-01 15:07:00,449 [INFO] MainUpdater:2854 - connection check result : 10
2023-06-01 15:07:00,449 [INFO] MainUpdater:3548 - Updater definition file requires update
2023-06-01 15:07:00,450 [INFO] MainUpdater:283 - Updater Check For Update Now.
2023-06-01 15:07:00,451 [INFO] MicroXplorer:498 - Change Database Version : DB.6.0.80
2023-06-01 15:07:00,514 [INFO] ServerAccessManage:473 - Download File updaters.zip
2023-06-01 15:07:00,811 [INFO] FileExtend:240 - Unzip File : updaters.zip
2023-06-01 15:07:00,811 [INFO] FileExtend:255 - Standard Zip Deflate
2023-06-01 15:07:01,689 [INFO] ServerAccessManage:473 - Download File PacksControlFlags.xml
2023-06-01 15:07:01,840 [INFO] ServerAccessManage:473 - Download File cubemx.pidx
2023-06-01 15:07:02,083 [WARN] MainUpdater:1187 - Updater busy. Cannot search thirdparties
2023-06-01 15:07:02,083 [INFO] ThirdPartyUpdaterWithRetryManager:96 - Updater plugin is busy. [1/15]
2023-06-01 15:07:02,286 [INFO] ServerAccessManage:473 - Download File STMicroelectronics.FP-ATR-ASTRA1.pdsc
2023-06-01 15:07:02,523 [INFO] ServerAccessManage:473 - Download File STMicroelectronics.FP-SNS-FLIGHT1.pdsc
2023-06-01 15:07:02,678 [INFO] ServerAccessManage:473 - Download File STMicroelectronics.FP-SNS-MOTENV1.pdsc
2023-06-01 15:07:02,867 [INFO] ServerAccessManage:473 - Download File STMicroelectronics.X-CUBE-AI.pdsc
2023-06-01 15:07:04,260 [INFO] ServerAccessManage:473 - Download File STMicroelectronics.X-CUBE-MEMS1.pdsc
2023-06-01 15:07:05,096 [WARN] MainUpdater:1187 - Updater busy. Cannot search thirdparties
2023-06-01 15:07:05,096 [INFO] ThirdPartyUpdaterWithRetryManager:96 - Updater plugin is busy. [2/15]
2023-06-01 15:07:07,044 [INFO] ServerAccessManage:473 - Download File STMicroelectronics.X-CUBE-TOUCHGFX.pdsc
2023-06-01 15:07:08,100 [WARN] MainUpdater:1187 - Updater busy. Cannot search thirdparties
2023-06-01 15:07:08,100 [INFO] ThirdPartyUpdaterWithRetryManager:96 - Updater plugin is busy. [3/15]
2023-06-01 15:07:08,207 [INFO] ServerAccessManage:473 - Download File STMicroelectronics.X-CUBE-AZRTOS-L4.pdsc
2023-06-01 15:07:08,964 [INFO] ServerAccessManage:473 - Download File STMicroelectronics.X-CUBE-AZRTOS-G4.pdsc
2023-06-01 15:07:09,547 [INFO] ServerAccessManage:473 - Download File STMicroelectronics.X-CUBE-AZRTOS-WL.pdsc
2023-06-01 15:07:10,633 [ERROR] ServerAccessManage:1096 - Problem, Http access forbiden
2023-06-01 15:07:10,634 [ERROR] ServerAccessManage:651 - Problem, Http access forbiden : RoweBots.I-CUBE-UNISONRTOS.pdsc.
2023-06-01 15:07:10,872 [WARN] PackLoader:240 - Cannot read IP mode file for STMicroelectronics.FP-ATR-ASTRA1.2.0.0
2023-06-01 15:07:10,883 [WARN] PackLoader:240 - Cannot read IP mode file for STMicroelectronics.FP-SNS-FLIGHT1.5.0.1
2023-06-01 15:07:10,899 [ERROR] RealEvaluatedCondition:428 - Found unsupported composite condition: CLASS='Data Exchange' GROUP='STM32_MetaDataManager'
2023-06-01 15:07:10,899 [ERROR] RealEvaluatedCondition:428 - Found unsupported composite condition: GROUP='STM32_MetaDataManager' CLASS='Data Exchange'
2023-06-01 15:07:10,901 [WARN] PackLoader:240 - Cannot read IP mode file for STMicroelectronics.FP-SNS-MOTENV1.4.3.1
2023-06-01 15:07:10,910 [WARN] PackLoader:240 - Cannot read IP mode file for STMicroelectronics.X-CUBE-AI.8.0.1
2023-06-01 15:07:10,942 [INFO] CheckServerUpdateThread:120 - End of CheckServer Thread
2023-06-01 15:07:11,026 [WARN] PackLoader:240 - Cannot read IP mode file for STMicroelectronics.X-CUBE-MEMS1.9.6.0
2023-06-01 15:07:11,079 [INFO] MainUpdater:2854 - connection check result : 10
2023-06-01 15:07:11,246 [WARN] PackLoader:240 - Cannot read IP mode file for STMicroelectronics.X-CUBE-TOUCHGFX.4.21.4
2023-06-01 15:07:11,281 [WARN] ConditionMgr:438 - getConditionDescription Invalid condition id : LAN8742 Phy interface Condition cause : null
2023-06-01 15:07:11,283 [WARN] PackLoader:240 - Cannot read IP mode file for STMicroelectronics.X-CUBE-AZRTOS-L4.2.0.0
2023-06-01 15:07:11,286 [WARN] ConditionMgr:1039 - genDependencies : Invalid condition id : LAN8742 Phy interface Condition cause : null
2023-06-01 15:07:11,286 [WARN] ConditionMgr:1039 - genDependencies : Invalid condition id : LAN8742 Phy interface Condition cause : null
2023-06-01 15:07:11,287 [WARN] ConditionMgr:1039 - genDependencies : Invalid condition id : LAN8742 Phy interface Condition cause : null
2023-06-01 15:07:11,314 [WARN] PackLoader:240 - Cannot read IP mode file for STMicroelectronics.X-CUBE-AZRTOS-G4.2.0.0
2023-06-01 15:07:11,326 [INFO] LogOutputStream:77 - [STDOUT_REDIRECT] 1 : Invalid condition id : UX_CORESTACK_Condition cause : null
2023-06-01 15:07:11,326 [INFO] LogOutputStream:77 - [STDOUT_REDIRECT] 1 : Invalid condition id : UX_CORESTACK_Condition cause : null
2023-06-01 15:07:11,328 [INFO] LogOutputStream:77 - [STDOUT_REDIRECT] 1 : Invalid condition id : UX_CORESTACK_Condition cause : null
2023-06-01 15:07:11,330 [INFO] LogOutputStream:77 - [STDOUT_REDIRECT] 1 : Invalid condition id : UX_CORESTACK_Condition cause : null
2023-06-01 15:07:11,330 [INFO] McuFinderGlobals:66 - Set McuFinderConnectedMode to true
2023-06-01 15:07:11,332 [INFO] LogOutputStream:77 - [STDOUT_REDIRECT] 1 : Invalid condition id : UX_CORESTACK_Condition cause : null
2023-06-01 15:07:11,335 [WARN] PackLoader:240 - Cannot read IP mode file for STMicroelectronics.X-CUBE-AZRTOS-WL.2.0.0
2023-06-01 15:07:11,337 [INFO] PopulateThirdPartyThread:66 - Ending populate Thread
2023-06-01 15:07:11,354 [INFO] ThirdParty:1030 - CMSIS Pack Vendor :STMicroelectronics X-CUBE-AZRTOS-L4 2.0.0
2023-06-01 15:07:11,355 [INFO] ThirdParty:1030 - CMSIS Pack Vendor :STMicroelectronics FP-ATR-ASTRA1 2.0.0
2023-06-01 15:07:11,355 [INFO] ThirdParty:1030 - CMSIS Pack Vendor :STMicroelectronics FP-SNS-FLIGHT1 5.0.1
2023-06-01 15:07:11,355 [INFO] ThirdParty:1030 - CMSIS Pack Vendor :STMicroelectronics FP-SNS-MOTENV1 4.3.1
2023-06-01 15:07:11,355 [INFO] ThirdParty:1030 - CMSIS Pack Vendor :STMicroelectronics X-CUBE-AZRTOS-WL 2.0.0
2023-06-01 15:07:11,355 [INFO] ThirdParty:1030 - CMSIS Pack Vendor :STMicroelectronics X-CUBE-TOUCHGFX 4.21.4
2023-06-01 15:07:11,355 [INFO] ThirdParty:1030 - CMSIS Pack Vendor :STMicroelectronics X-CUBE-AZRTOS-G4 2.0.0
2023-06-01 15:07:11,355 [INFO] ThirdParty:1030 - CMSIS Pack Vendor :STMicroelectronics X-CUBE-AI 8.0.1
2023-06-01 15:07:11,355 [INFO] ThirdParty:1030 - CMSIS Pack Vendor :STMicroelectronics X-CUBE-MEMS1 9.6.0
2023-06-01 15:07:11,356 [INFO] LoadServerUpdatesThread:373 - End of LoadServerUpdate Thread
2023-06-01 15:07:11,717 [WARN] PackLoader:240 - Cannot read IP mode file for STMicroelectronics.X-CUBE-SMBUS.2.1.0
2023-06-01 15:07:11,781 [WARN] PackLoader:240 - Cannot read IP mode file for STMicroelectronics.X-CUBE-AZRTOS-F7.1.1.0
2023-06-01 15:07:11,791 [ERROR] RealEvaluatedCondition:428 - Found unsupported composite condition: CLASS='Data Exchange' GROUP='STM32_MetaDataManager'
2023-06-01 15:07:11,792 [ERROR] RealEvaluatedCondition:428 - Found unsupported composite condition: CLASS='Data Exchange' GROUP='STM32_MetaDataManager'
2023-06-01 15:07:11,793 [WARN] PackLoader:240 - Cannot read IP mode file for STMicroelectronics.FP-SNS-MOTENV1.4.3.1
2023-06-01 15:07:11,802 [WARN] PackLoader:240 - Cannot read IP mode file for STMicroelectronics.FP-SNS-FLIGHT1.5.0.1
2023-06-01 15:07:11,827 [WARN] PackLoader:240 - Cannot read IP mode file for STMicroelectronics.X-CUBE-BLE1.6.2.4
2023-06-01 15:07:11,845 [WARN] PackLoader:240 - Cannot read IP mode file for STMicroelectronics.X-CUBE-DISPLAY.3.0.0
2023-06-01 15:07:11,853 [INFO] ServerAccessManage:473 - Download File mcusAds.json._tmp_
2023-06-01 15:07:11,861 [INFO] LogOutputStream:77 - [STDOUT_REDIRECT] 1 : Invalid condition id : UX_CORESTACK_Condition cause : null
2023-06-01 15:07:11,864 [INFO] LogOutputStream:77 - [STDOUT_REDIRECT] 1 : Invalid condition id : UX_CORESTACK_Condition cause : null
2023-06-01 15:07:11,865 [INFO] LogOutputStream:77 - [STDOUT_REDIRECT] 1 : Invalid condition id : UX_CORESTACK_Condition cause : null
2023-06-01 15:07:11,867 [INFO] LogOutputStream:77 - [STDOUT_REDIRECT] 1 : Invalid condition id : UX_CORESTACK_Condition cause : null
2023-06-01 15:07:11,868 [INFO] LogOutputStream:77 - [STDOUT_REDIRECT] 1 : Invalid condition id : UX_CORESTACK_Condition cause : null
2023-06-01 15:07:11,871 [WARN] PackLoader:240 - Cannot read IP mode file for STMicroelectronics.X-CUBE-AZRTOS-WL.2.0.0
2023-06-01 15:07:11,926 [WARN] PackLoader:240 - Cannot read IP mode file for WES.I-CUBE-Cesium.1.3.0
2023-06-01 15:07:11,949 [WARN] PackLoader:240 - Cannot read IP mode file for STMicroelectronics.X-CUBE-BLE2.3.3.0
2023-06-01 15:07:11,970 [WARN] PackLoader:240 - Cannot read IP mode file for STMicroelectronics.X-CUBE-TOUCHGFX.4.21.3
2023-06-01 15:07:11,974 [WARN] PackLoader:240 - Cannot read IP mode file for STMicroelectronics.X-CUBE-TOUCHGFX.4.21.4
2023-06-01 15:07:11,989 [WARN] PackLoader:240 - Cannot read IP mode file for STMicroelectronics.X-CUBE-ALGOBUILD.1.3.0
2023-06-01 15:07:12,031 [WARN] PackLoader:240 - Cannot read IP mode file for STMicroelectronics.X-CUBE-AZRTOS-G0.1.1.0
2023-06-01 15:07:12,063 [WARN] PackLoader:240 - Cannot read IP mode file for STMicroelectronics.X-CUBE-NFC4.3.0.0
2023-06-01 15:07:12,072 [INFO] LoadUrlFilesThread:156 - End of LoadUrlFiles Thread
2023-06-01 15:07:12,079 [WARN] PackLoader:240 - Cannot read IP mode file for STMicroelectronics.FP-ATR-SIGFOX1.3.2.0
2023-06-01 15:07:12,139 [WARN] PackLoader:240 - Cannot read IP mode file for STMicroelectronics.X-CUBE-MEMS1.9.5.0
2023-06-01 15:07:12,263 [INFO] ServerAccessManage:473 - Download File cube-finder-db.zip
2023-06-01 15:07:12,339 [WARN] PackLoader:240 - Cannot read IP mode file for SEGGER.I-CUBE-embOS.1.3.1
2023-06-01 15:07:12,406 [WARN] PackLoader:240 - Cannot read IP mode file for STMicroelectronics.X-CUBE-GNSS1.6.0.0
2023-06-01 15:07:12,460 [WARN] PackLoader:240 - Cannot read IP mode file for STMicroelectronics.X-CUBE-AZRTOS-F4.1.1.0
2023-06-01 15:07:12,482 [WARN] PackLoader:240 - Cannot read IP mode file for wolfSSL.I-CUBE-wolfSSL.5.6.0
2023-06-01 15:07:12,525 [WARN] PackLoader:240 - Cannot read IP mode file for STMicroelectronics.X-CUBE-MEMS1.9.6.0
2023-06-01 15:07:12,684 [WARN] PackLoader:240 - Cannot read IP mode file for emotas.I-CUBE-CANOPEN.1.1.3
2023-06-01 15:07:12,698 [WARN] PackLoader:240 - Cannot read IP mode file for STMicroelectronics.X-CUBE-BLEMGR.2.0.0
2023-06-01 15:07:12,723 [WARN] ConditionMgr:438 - getConditionDescription Invalid condition id : UX DEVICE CLASS RTOS Condition cause : null
2023-06-01 15:07:12,723 [WARN] ConditionMgr:438 - getConditionDescription Invalid condition id : UX DEVICE CLASS RTOS Condition cause : null
2023-06-01 15:07:12,726 [WARN] PackLoader:240 - Cannot read IP mode file for STMicroelectronics.X-CUBE-AZRTOS-H7.3.1.0
2023-06-01 15:07:12,727 [WARN] ConditionMgr:1039 - genDependencies : Invalid condition id : UX DEVICE CLASS RTOS Condition cause : null
2023-06-01 15:07:12,727 [WARN] ConditionMgr:1039 - genDependencies : Invalid condition id : UX DEVICE CLASS RTOS Condition cause : null
2023-06-01 15:07:12,727 [WARN] ConditionMgr:1039 - genDependencies : Invalid condition id : UX DEVICE CLASS RTOS Condition cause : null
2023-06-01 15:07:12,728 [WARN] ConditionMgr:1039 - genDependencies : Invalid condition id : UX DEVICE CLASS RTOS Condition cause : null
2023-06-01 15:07:12,728 [WARN] ConditionMgr:1039 - genDependencies : Invalid condition id : UX DEVICE CLASS RTOS Condition cause : null
2023-06-01 15:07:12,745 [WARN] PackLoader:240 - Cannot read IP mode file for STMicroelectronics.X-CUBE-NFC7.1.0.0
2023-06-01 15:07:12,758 [WARN] PackLoader:240 - Cannot read IP mode file for STMicroelectronics.X-CUBE-EEPRMA1.4.1.0
2023-06-01 15:07:12,777 [WARN] ConditionMgr:438 - getConditionDescription Invalid condition id : LAN8742 Phy interface Condition cause : null
2023-06-01 15:07:12,778 [WARN] PackLoader:240 - Cannot read IP mode file for STMicroelectronics.X-CUBE-AZRTOS-L4.2.0.0
2023-06-01 15:07:12,779 [WARN] ConditionMgr:1039 - genDependencies : Invalid condition id : LAN8742 Phy interface Condition cause : null
2023-06-01 15:07:12,780 [WARN] ConditionMgr:1039 - genDependencies : Invalid condition id : LAN8742 Phy interface Condition cause : null
2023-06-01 15:07:12,780 [WARN] ConditionMgr:1039 - genDependencies : Invalid condition id : LAN8742 Phy interface Condition cause : null
2023-06-01 15:07:12,819 [WARN] PackLoader:240 - Cannot read IP mode file for STMicroelectronics.X-CUBE-SFXS2LP1.4.0.0
2023-06-01 15:07:12,839 [WARN] PackLoader:240 - Cannot read IP mode file for STMicroelectronics.X-CUBE-ISPU.1.1.0
2023-06-01 15:07:12,855 [WARN] PackLoader:240 - Cannot read IP mode file for STMicroelectronics.X-CUBE-AI.8.0.0
2023-06-01 15:07:12,872 [WARN] PackLoader:240 - Cannot read IP mode file for STMicroelectronics.X-CUBE-FREERTOS.1.0.1
2023-06-01 15:07:12,895 [WARN] PackLoader:240 - Cannot read IP mode file for STMicroelectronics.X-CUBE-AZRTOS-L5.1.1.0
2023-06-01 15:07:12,913 [WARN] PackLoader:240 - Cannot read IP mode file for STMicroelectronics.X-CUBE-AI.8.0.1
2023-06-01 15:07:12,959 [WARN] PackLoader:240 - Cannot read IP mode file for STMicroelectronics.X-CUBE-SUBG2.5.0.0
2023-06-01 15:07:12,975 [WARN] PackLoader:240 - Cannot read IP mode file for STMicroelectronics.X-CUBE-AZRTOS-G4.2.0.0
2023-06-01 15:07:12,998 [WARN] PackLoader:240 - Cannot read IP mode file for STMicroelectronics.X-CUBE-TOF1.3.3.0
2023-06-01 15:07:13,017 [WARN] PackLoader:240 - Cannot read IP mode file for STMicroelectronics.FP-ATR-ASTRA1.1.1.1
2023-06-01 15:07:13,033 [WARN] PackLoader:240 - Cannot read IP mode file for STMicroelectronics.X-CUBE-AZRTOS-G4.1.0.0
2023-06-01 15:07:13,059 [WARN] PackLoader:240 - Cannot read IP mode file for STMicroelectronics.X-CUBE-AZRTOS-L4.1.0.0
2023-06-01 15:07:13,080 [WARN] PackLoader:240 - Cannot read IP mode file for STMicroelectronics.X-CUBE-AZRTOS-WL.1.0.0
2023-06-01 15:07:13,097 [WARN] PackLoader:240 - Cannot read IP mode file for portGmbH.I-Cube-SoM-uGOAL.1.1.0
2023-06-01 15:07:13,117 [WARN] PackLoader:240 - Cannot read IP mode file for STMicroelectronics.X-CUBE-ALS.1.0.1
2023-06-01 15:07:13,130 [WARN] PackLoader:240 - Cannot read IP mode file for STMicroelectronics.X-CUBE-AZRTOS-WB.1.1.0
2023-06-01 15:07:13,135 [WARN] PackLoader:240 - Cannot read IP mode file for STMicroelectronics.FP-ATR-ASTRA1.2.0.0
2023-06-01 15:07:13,135 [INFO] ThirdParty:978 - Integrity check success = true
2023-06-01 15:07:13,136 [INFO] IntegrityCheckThread:100 - exiting critical section [integrity check]
2023-06-01 15:07:13,136 [INFO] IntegrityCheckThread:103 - End integrity checks thread
2023-06-01 15:08:01,003 [INFO] FileExtend:240 - Unzip File : cube-finder-db.zip
2023-06-01 15:08:01,004 [INFO] FileExtend:255 - Standard Zip Deflate
2023-06-01 15:08:02,304 [INFO] LoadUrlFilesThread:156 - End of LoadUrlFiles Thread
2023-06-01 15:08:02,662 [INFO] ServerAccessManage:473 - Download File crdb.zip
2023-06-01 15:08:04,254 [INFO] FileExtend:240 - Unzip File : crdb.zip
2023-06-01 15:08:04,254 [INFO] FileExtend:255 - Standard Zip Deflate
2023-06-01 15:08:04,491 [INFO] LoadUrlFilesThread:156 - End of LoadUrlFiles Thread
2023-06-01 15:08:04,669 [INFO] ServerAccessManage:473 - Download File tutoVideoDB.zip
2023-06-01 15:08:05,149 [INFO] FileExtend:240 - Unzip File : tutoVideoDB.zip
2023-06-01 15:08:05,150 [INFO] FileExtend:255 - Standard Zip Deflate
2023-06-01 15:08:05,446 [INFO] LoadUrlFilesThread:156 - End of LoadUrlFiles Thread
2023-06-01 15:08:05,569 [WARN] DbFile:41 - Overriding database path with different value: C:\Users\User\.stmcufinder\plugins\mcufinder/ => C:\Users\User\.stmcufinder\plugins\mcufinder
2023-06-01 15:08:05,658 [INFO] ServerAccessManage:473 - Download File api_config.json
2023-06-01 15:08:05,769 [INFO] LoadUrlFilesThread:156 - End of LoadUrlFiles Thread
2023-06-01 15:08:05,770 [INFO] DbMcusAds:53 - JSON generation date=Tue Mar 07 11:50:55 TRT 2023 (1678179055335)
2023-06-01 15:08:05,789 [INFO] LoadUrlFilesThread:185 - End of LoadServerUrlFiles without Thread
2023-06-01 15:08:05,790 [INFO] TargetSelectorAdapter:259 - Refresh data is successful
2023-06-01 15:08:06,237 [INFO] ApiDb:581 - Connected to CubeFinder SQLite database (C:\Users\User\.stmcufinder\plugins\mcufinder\mcu\cube-finder-db.db)
2023-06-01 15:08:06,316 [INFO] ApiDb:668 - CubeFinder database Data Model version=2.1
2023-06-01 15:08:06,316 [INFO] ApiDb:669 - CubeFinder database Configuration version=3.0.35
2023-06-01 15:08:06,316 [INFO] ApiDb:670 - CubeFinder database generation date=2023-05-12 (1683877179)
2023-06-01 15:08:06,316 [INFO] ApiDb:671 - CubeFinder database FW Pack versions=[FP-ATR-ASTRA1_V2.0.0, FP-SNS-FLIGHT1_V5.0.0, FP-SNS-MOTENV1_V4.3.0, STM32Cube_FW_C0_V1.0.1, STM32Cube_FW_F0_V1.11.4, STM32Cube_FW_F3_V1.11.4, STM32Cube_FW_F4_V1.27.1, STM32Cube_FW_F7_V1.17.0, STM32Cube_FW_G0_V1.6.1, STM32Cube_FW_G4_V1.5.1, STM32Cube_FW_H5_V0.5.1, STM32Cube_FW_H5_V1.0.0, STM32Cube_FW_H7_V1.11.0, STM32Cube_FW_L0_V1.12.2, STM32Cube_FW_L5_V1.5.0, STM32Cube_FW_U5_V1.2.0, STM32Cube_FW_WBA_V1.0.0, STM32Cube_FW_WBA_V1.0.0RC1, STM32Cube_FW_WBA_V1.0.0RC3, STM32Cube_FW_WB_V1.15.0RC1, STM32Cube_FW_WB_V1.16.0, STM32Cube_FW_WB_V1.16.0RC2, STM32Cube_FW_WL_V1.3.0, X-CUBE-ALGOBUILD_V1.3.0, X-CUBE-ALS_V1.0.1, X-CUBE-AZRTOS-F4_V1.1.0, X-CUBE-AZRTOS-F7_V1.1.0, X-CUBE-AZRTOS-G0_V1.1.0, X-CUBE-AZRTOS-G4_V2.0.0, X-CUBE-AZRTOS-H7_V3.1.0, X-CUBE-AZRTOS-L4_V1.0.0, X-CUBE-AZRTOS-L5_V1.1.0, X-CUBE-AZRTOS-WB_V1.1.0, X-CUBE-AZRTOS-WL_V1.0.0, X-CUBE-BLE1_V6.2.4, X-CUBE-BLE2_V3.3.0, X-CUBE-BLEMGR_V2.0.0, X-CUBE-EEPRMA1_V4.1.0, X-CUBE-FREERTOS_V1.0.1, X-CUBE-GNSS1_V6.0.0, X-CUBE-MEMS1_V9.1.0, X-CUBE-MEMS1_V9.4.0, X-CUBE-MEMS1_V9.6.0, X-CUBE-NFC4_V3.0.0, X-CUBE-NFC7_V1.0.0, X-CUBE-SFXS2LP1_V4.0.0, X-CUBE-SUBG2_V5.0.0]
2023-06-01 15:08:08,274 [INFO] ApiDb:240 - Found 297 in-development CPN: [B-G473E-ZEST1S, B-WB1M-WPAN1, B-WL5M-SUBG1, NUCLEO-C031C6, NUCLEO-H503RB, NUCLEO-H563ZI, NUCLEO-U545RE-Q, NUCLEO-U5A5ZJ-Q, NUCLEO-WBA52CG, STEVAL-PROTEUS1, STEVAL-STWINBX1, STM320518-EVAL, STM32C0116-DK, STM32C011D6Y3TR, STM32C011D6Y6TR, STM32C011F4P3, STM32C011F4P6, STM32C011F4U3, STM32C011F4U6TR, STM32C011F6P3, STM32C011F6P6, STM32C011F6U3, STM32C011F6U6TR, STM32C011J4M3, STM32C011J4M6, STM32C011J6M3, STM32C011J6M6, STM32C0316-DK, STM32C031C4T3, STM32C031C4T6, STM32C031C4U3, STM32C031C4U6, STM32C031C6T3, STM32C031C6T6, STM32C031C6U3, STM32C031C6U6, STM32C031F4P3, STM32C031F4P6, STM32C031F6P3, STM32C031F6P6, STM32C031G4U3, STM32C031G4U6, STM32C031G6U3, STM32C031G6U6, STM32C031K4T3, STM32C031K4T6, STM32C031K4U3, STM32C031K4U6, STM32C031K6T3, STM32C031K6T6, STM32C031K6U3, STM32C031K6U6, STM32G071K8TXN, STM32G071K8UXN, STM32G081GBU6N, STM32G081KBT6N, STM32G081KBUXN, STM32G0B1CCT6N, STM32G0B1KCT6, STM32G0B1NEY6TR, STM32G0B1RCT6N, STM32G0C1CCT6, STM32G0C1CCT6N, STM32G0C1CCU6N, STM32G0C1CET6N, STM32G0C1CEU6N, STM32G0C1KCT6, STM32G0C1NEY6TR, STM32G0C1RCI6N, STM32G0C1RCT6N, STM32G0C1REI6N, STM32G0C1RET6N, STM32G0C1VCI6, STM32G0C1VEI6, STM32G471CCT6, STM32G471CCU6, STM32G471CET3, STM32G471CET6, STM32G471CEU3, STM32G471CEU6, STM32G471MCT6, STM32G471MET3, STM32G471MET6, STM32G471MEY6TR, STM32G471QCT6, STM32G471QET3, STM32G471RCT6, STM32G471RET3, STM32G471RET6, STM32G471VCH6, STM32G471VCI6, STM32G471VCT6, STM32G471VEH3, STM32G471VEH6, STM32G471VEI3, STM32G471VEI6, STM32G471VET3, STM32G471VET6, STM32G474CCT6, STM32H503CBT6, STM32H503CBU6, STM32H503EBY6TR, STM32H503KBU6, STM32H503RBT6, STM32H562AGI6, STM32H562AII6, STM32H562IGK6, STM32H562IGT6, STM32H562IIK6, STM32H562IIT6, STM32H562RGT6, STM32H562RGV6, STM32H562RIT6, STM32H562RIV6, STM32H562VGT6, STM32H562VIT6, STM32H562ZGT6, STM32H562ZIT6, STM32H563AGI6, STM32H563AII3Q, STM32H563AII6, STM32H563IGK6, STM32H563IGT6, STM32H563IIK3Q, STM32H563IIK6, STM32H563IIT3Q, STM32H563IIT6, STM32H563MIY3QTR, STM32H563RGT6, STM32H563RGV6, STM32H563RIT6, STM32H563RIV6, STM32H563VGT6, STM32H563VIT3Q, STM32H563VIT6, STM32H563ZGT6, STM32H563ZIT3Q, STM32H563ZIT6, STM32H573AII3Q, STM32H573AII6, STM32H573I-DK, STM32H573IIK3Q, STM32H573IIK6, STM32H573IIT3Q, STM32H573IIT6, STM32H573MIY3QTR, STM32H573RIT6, STM32H573RIV6, STM32H573VIT3Q, STM32H573VIT6, STM32H573ZIT3Q, STM32H573ZIT6, STM32L4R5QGI6STR, STM32MP131AAE3, STM32MP131AAF3, STM32MP131AAG3, STM32MP131CAE3, STM32MP131CAF3, STM32MP131CAG3, STM32MP131DAE7, STM32MP131DAF7, STM32MP131DAG7, STM32MP131FAE7, STM32MP131FAF7, STM32MP131FAG7, STM32MP133AAE3, STM32MP133AAF3, STM32MP133AAG3, STM32MP133CAE3, STM32MP133CAF3, STM32MP133CAG3, STM32MP133DAE7, STM32MP133DAF7, STM32MP133DAG7, STM32MP133FAE7, STM32MP133FAF7, STM32MP133FAG7, STM32MP135AAE3, STM32MP135AAF3, STM32MP135AAG3, STM32MP135CAE3, STM32MP135CAF3, STM32MP135CAG3, STM32MP135DAE7, STM32MP135DAF7, STM32MP135DAG7, STM32MP135F-DK, STM32MP135FAE7, STM32MP135FAF7, STM32MP135FAF7T, STM32MP135FAF7U, STM32MP135FAG7, STM32U535CBT6, STM32U535CBT6Q, STM32U535CBU6, STM32U535CBU6Q, STM32U535CCT6, STM32U535CCT6Q, STM32U535CCU6, STM32U535CCU6Q, STM32U535CET6, STM32U535CET6Q, STM32U535CEU6, STM32U535CEU6Q, STM32U535JEY6QTR, STM32U535NCY6QTR, STM32U535NEY6QTR, STM32U535RBI6, STM32U535RBI6Q, STM32U535RBT6, STM32U535RBT6Q, STM32U535RCI6, STM32U535RCI6Q, STM32U535RCT6, STM32U535RCT6Q, STM32U535REI6, STM32U535REI6Q, STM32U535RET6, STM32U535RET6Q, STM32U535VCI6, STM32U535VCI6Q, STM32U535VCT6, STM32U535VCT6Q, STM32U535VEI6, STM32U535VEI6Q, STM32U535VET6, STM32U535VET6Q, STM32U545CET6, STM32U545CET6Q, STM32U545CEU6, STM32U545CEU6Q, STM32U545JEY6QTR, STM32U545NEY6QTR, STM32U545REI6, STM32U545REI6Q, STM32U545RET6, STM32U545RET6Q, STM32U545VEI6, STM32U545VEI6Q, STM32U545VET6, STM32U545VET6Q, STM32U595AIH6, STM32U595AIH6Q, STM32U595AJH6, STM32U595AJH6Q, STM32U595QII6, STM32U595QII6Q, STM32U595QJI6, STM32U595QJI6Q, STM32U595RIT6, STM32U595RIT6Q, STM32U595RJT6, STM32U595RJT6Q, STM32U595VIT6, STM32U595VIT6Q, STM32U595VJT6, STM32U595VJT6Q, STM32U595ZIT6, STM32U595ZIT6Q, STM32U595ZIY6QTR, STM32U595ZJT6, STM32U595ZJT6Q, STM32U595ZJY6QTR, STM32U599BJY6QTR, STM32U599NIH6Q, STM32U599NJH6Q, STM32U599VIT6Q, STM32U599VJT6, STM32U599VJT6Q, STM32U599ZIT6Q, STM32U599ZIY6QTR, STM32U599ZJT6Q, STM32U599ZJY6QTR, STM32U5A5AJH6, STM32U5A5AJH6Q, STM32U5A5QJI6, STM32U5A5QJI6Q, STM32U5A5RJT6, STM32U5A5RJT6Q, STM32U5A5VJT6, STM32U5A5VJT6Q, STM32U5A5ZJT6, STM32U5A5ZJT6Q, STM32U5A5ZJY6QTR, STM32U5A9BJY6QTR, STM32U5A9J-DK, STM32U5A9NJH6Q, STM32U5A9VJT6Q, STM32U5A9ZJT6Q, STM32U5A9ZJY6QTR, STM32WB1MMCH6, STM32WBA52CEU6, STM32WBA52CEU6T, STM32WBA52CGU6, STM32WBA52CGU6T, STM32WL5MOCH6, STM32WL5MOCH6TR]
2023-06-01 15:08:08,279 [INFO] DbMcus:216 - Found 3775 MCUs, 3775 are supported
2023-06-01 15:08:08,305 [INFO] ApiDb:423 - Load user favorites file C:\Users\User/.stm32cubeide/favorites.mcus.txt: 1 item(s)
2023-06-01 15:08:08,306 [INFO] ApiDb:427 - User favorites MCUs=[STM32C011F6U3]
2023-06-01 15:08:08,306 [INFO] DbMcus:222 - Set 1 / 1 favorites MCUs
2023-06-01 15:08:08,605 [INFO] ApiDb:668 - CubeFinder database Data Model version=2.1
2023-06-01 15:08:08,605 [INFO] ApiDb:669 - CubeFinder database Configuration version=3.0.35
2023-06-01 15:08:08,605 [INFO] ApiDb:670 - CubeFinder database generation date=2023-05-12 (1683877179)
2023-06-01 15:08:08,605 [INFO] ApiDb:671 - CubeFinder database FW Pack versions=[FP-ATR-ASTRA1_V2.0.0, FP-SNS-FLIGHT1_V5.0.0, FP-SNS-MOTENV1_V4.3.0, STM32Cube_FW_C0_V1.0.1, STM32Cube_FW_F0_V1.11.4, STM32Cube_FW_F3_V1.11.4, STM32Cube_FW_F4_V1.27.1, STM32Cube_FW_F7_V1.17.0, STM32Cube_FW_G0_V1.6.1, STM32Cube_FW_G4_V1.5.1, STM32Cube_FW_H5_V0.5.1, STM32Cube_FW_H5_V1.0.0, STM32Cube_FW_H7_V1.11.0, STM32Cube_FW_L0_V1.12.2, STM32Cube_FW_L5_V1.5.0, STM32Cube_FW_U5_V1.2.0, STM32Cube_FW_WBA_V1.0.0, STM32Cube_FW_WBA_V1.0.0RC1, STM32Cube_FW_WBA_V1.0.0RC3, STM32Cube_FW_WB_V1.15.0RC1, STM32Cube_FW_WB_V1.16.0, STM32Cube_FW_WB_V1.16.0RC2, STM32Cube_FW_WL_V1.3.0, X-CUBE-ALGOBUILD_V1.3.0, X-CUBE-ALS_V1.0.1, X-CUBE-AZRTOS-F4_V1.1.0, X-CUBE-AZRTOS-F7_V1.1.0, X-CUBE-AZRTOS-G0_V1.1.0, X-CUBE-AZRTOS-G4_V2.0.0, X-CUBE-AZRTOS-H7_V3.1.0, X-CUBE-AZRTOS-L4_V1.0.0, X-CUBE-AZRTOS-L5_V1.1.0, X-CUBE-AZRTOS-WB_V1.1.0, X-CUBE-AZRTOS-WL_V1.0.0, X-CUBE-BLE1_V6.2.4, X-CUBE-BLE2_V3.3.0, X-CUBE-BLEMGR_V2.0.0, X-CUBE-EEPRMA1_V4.1.0, X-CUBE-FREERTOS_V1.0.1, X-CUBE-GNSS1_V6.0.0, X-CUBE-MEMS1_V9.1.0, X-CUBE-MEMS1_V9.4.0, X-CUBE-MEMS1_V9.6.0, X-CUBE-NFC4_V3.0.0, X-CUBE-NFC7_V1.0.0, X-CUBE-SFXS2LP1_V4.0.0, X-CUBE-SUBG2_V5.0.0]
2023-06-01 15:08:08,674 [INFO] DbBoardsSqlite:226 - include board P-NUCLEO-WB55-NUCLEO as a kit item of type 'Nucleo-64'
2023-06-01 15:08:08,674 [INFO] DbBoardsSqlite:226 - include board P-NUCLEO-WB55-USBDONGLE as a kit item of type 'Nucleo USB Dongle'
2023-06-01 15:08:08,674 [INFO] DbBoardsSqlite:226 - include board STEVAL-IDP005V1 as a kit item of type 'Evaluation Board'
2023-06-01 15:08:08,674 [INFO] DbBoardsSqlite:226 - include board STEVAL-IDP005V2 as a kit item of type 'Evaluation Board'
2023-06-01 15:08:08,739 [INFO] ApiDb:240 - Found 297 in-development CPN: [B-G473E-ZEST1S, B-WB1M-WPAN1, B-WL5M-SUBG1, NUCLEO-C031C6, NUCLEO-H503RB, NUCLEO-H563ZI, NUCLEO-U545RE-Q, NUCLEO-U5A5ZJ-Q, NUCLEO-WBA52CG, STEVAL-PROTEUS1, STEVAL-STWINBX1, STM320518-EVAL, STM32C0116-DK, STM32C011D6Y3TR, STM32C011D6Y6TR, STM32C011F4P3, STM32C011F4P6, STM32C011F4U3, STM32C011F4U6TR, STM32C011F6P3, STM32C011F6P6, STM32C011F6U3, STM32C011F6U6TR, STM32C011J4M3, STM32C011J4M6, STM32C011J6M3, STM32C011J6M6, STM32C0316-DK, STM32C031C4T3, STM32C031C4T6, STM32C031C4U3, STM32C031C4U6, STM32C031C6T3, STM32C031C6T6, STM32C031C6U3, STM32C031C6U6, STM32C031F4P3, STM32C031F4P6, STM32C031F6P3, STM32C031F6P6, STM32C031G4U3, STM32C031G4U6, STM32C031G6U3, STM32C031G6U6, STM32C031K4T3, STM32C031K4T6, STM32C031K4U3, STM32C031K4U6, STM32C031K6T3, STM32C031K6T6, STM32C031K6U3, STM32C031K6U6, STM32G071K8TXN, STM32G071K8UXN, STM32G081GBU6N, STM32G081KBT6N, STM32G081KBUXN, STM32G0B1CCT6N, STM32G0B1KCT6, STM32G0B1NEY6TR, STM32G0B1RCT6N, STM32G0C1CCT6, STM32G0C1CCT6N, STM32G0C1CCU6N, STM32G0C1CET6N, STM32G0C1CEU6N, STM32G0C1KCT6, STM32G0C1NEY6TR, STM32G0C1RCI6N, STM32G0C1RCT6N, STM32G0C1REI6N, STM32G0C1RET6N, STM32G0C1VCI6, STM32G0C1VEI6, STM32G471CCT6, STM32G471CCU6, STM32G471CET3, STM32G471CET6, STM32G471CEU3, STM32G471CEU6, STM32G471MCT6, STM32G471MET3, STM32G471MET6, STM32G471MEY6TR, STM32G471QCT6, STM32G471QET3, STM32G471RCT6, STM32G471RET3, STM32G471RET6, STM32G471VCH6, STM32G471VCI6, STM32G471VCT6, STM32G471VEH3, STM32G471VEH6, STM32G471VEI3, STM32G471VEI6, STM32G471VET3, STM32G471VET6, STM32G474CCT6, STM32H503CBT6, STM32H503CBU6, STM32H503EBY6TR, STM32H503KBU6, STM32H503RBT6, STM32H562AGI6, STM32H562AII6, STM32H562IGK6, STM32H562IGT6, STM32H562IIK6, STM32H562IIT6, STM32H562RGT6, STM32H562RGV6, STM32H562RIT6, STM32H562RIV6, STM32H562VGT6, STM32H562VIT6, STM32H562ZGT6, STM32H562ZIT6, STM32H563AGI6, STM32H563AII3Q, STM32H563AII6, STM32H563IGK6, STM32H563IGT6, STM32H563IIK3Q, STM32H563IIK6, STM32H563IIT3Q, STM32H563IIT6, STM32H563MIY3QTR, STM32H563RGT6, STM32H563RGV6, STM32H563RIT6, STM32H563RIV6, STM32H563VGT6, STM32H563VIT3Q, STM32H563VIT6, STM32H563ZGT6, STM32H563ZIT3Q, STM32H563ZIT6, STM32H573AII3Q, STM32H573AII6, STM32H573I-DK, STM32H573IIK3Q, STM32H573IIK6, STM32H573IIT3Q, STM32H573IIT6, STM32H573MIY3QTR, STM32H573RIT6, STM32H573RIV6, STM32H573VIT3Q, STM32H573VIT6, STM32H573ZIT3Q, STM32H573ZIT6, STM32L4R5QGI6STR, STM32MP131AAE3, STM32MP131AAF3, STM32MP131AAG3, STM32MP131CAE3, STM32MP131CAF3, STM32MP131CAG3, STM32MP131DAE7, STM32MP131DAF7, STM32MP131DAG7, STM32MP131FAE7, STM32MP131FAF7, STM32MP131FAG7, STM32MP133AAE3, STM32MP133AAF3, STM32MP133AAG3, STM32MP133CAE3, STM32MP133CAF3, STM32MP133CAG3, STM32MP133DAE7, STM32MP133DAF7, STM32MP133DAG7, STM32MP133FAE7, STM32MP133FAF7, STM32MP133FAG7, STM32MP135AAE3, STM32MP135AAF3, STM32MP135AAG3, STM32MP135CAE3, STM32MP135CAF3, STM32MP135CAG3, STM32MP135DAE7, STM32MP135DAF7, STM32MP135DAG7, STM32MP135F-DK, STM32MP135FAE7, STM32MP135FAF7, STM32MP135FAF7T, STM32MP135FAF7U, STM32MP135FAG7, STM32U535CBT6, STM32U535CBT6Q, STM32U535CBU6, STM32U535CBU6Q, STM32U535CCT6, STM32U535CCT6Q, STM32U535CCU6, STM32U535CCU6Q, STM32U535CET6, STM32U535CET6Q, STM32U535CEU6, STM32U535CEU6Q, STM32U535JEY6QTR, STM32U535NCY6QTR, STM32U535NEY6QTR, STM32U535RBI6, STM32U535RBI6Q, STM32U535RBT6, STM32U535RBT6Q, STM32U535RCI6, STM32U535RCI6Q, STM32U535RCT6, STM32U535RCT6Q, STM32U535REI6, STM32U535REI6Q, STM32U535RET6, STM32U535RET6Q, STM32U535VCI6, STM32U535VCI6Q, STM32U535VCT6, STM32U535VCT6Q, STM32U535VEI6, STM32U535VEI6Q, STM32U535VET6, STM32U535VET6Q, STM32U545CET6, STM32U545CET6Q, STM32U545CEU6, STM32U545CEU6Q, STM32U545JEY6QTR, STM32U545NEY6QTR, STM32U545REI6, STM32U545REI6Q, STM32U545RET6, STM32U545RET6Q, STM32U545VEI6, STM32U545VEI6Q, STM32U545VET6, STM32U545VET6Q, STM32U595AIH6, STM32U595AIH6Q, STM32U595AJH6, STM32U595AJH6Q, STM32U595QII6, STM32U595QII6Q, STM32U595QJI6, STM32U595QJI6Q, STM32U595RIT6, STM32U595RIT6Q, STM32U595RJT6, STM32U595RJT6Q, STM32U595VIT6, STM32U595VIT6Q, STM32U595VJT6, STM32U595VJT6Q, STM32U595ZIT6, STM32U595ZIT6Q, STM32U595ZIY6QTR, STM32U595ZJT6, STM32U595ZJT6Q, STM32U595ZJY6QTR, STM32U599BJY6QTR, STM32U599NIH6Q, STM32U599NJH6Q, STM32U599VIT6Q, STM32U599VJT6, STM32U599VJT6Q, STM32U599ZIT6Q, STM32U599ZIY6QTR, STM32U599ZJT6Q, STM32U599ZJY6QTR, STM32U5A5AJH6, STM32U5A5AJH6Q, STM32U5A5QJI6, STM32U5A5QJI6Q, STM32U5A5RJT6, STM32U5A5RJT6Q, STM32U5A5VJT6, STM32U5A5VJT6Q, STM32U5A5ZJT6, STM32U5A5ZJT6Q, STM32U5A5ZJY6QTR, STM32U5A9BJY6QTR, STM32U5A9J-DK, STM32U5A9NJH6Q, STM32U5A9VJT6Q, STM32U5A9ZJT6Q, STM32U5A9ZJY6QTR, STM32WB1MMCH6, STM32WBA52CEU6, STM32WBA52CEU6T, STM32WBA52CGU6, STM32WBA52CGU6T, STM32WL5MOCH6, STM32WL5MOCH6TR]
2023-06-01 15:08:09,303 [INFO] BoardInfo:880 - No configuration file found for board P-NUCLEO-WB55
2023-06-01 15:08:09,303 [INFO] DbBoards:157 - Kit is not supported: P-NUCLEO-WB55
2023-06-01 15:08:09,316 [INFO] BoardInfo:880 - No configuration file found for board STEVAL-BFA001V1B
2023-06-01 15:08:09,317 [INFO] DbBoards:157 - Kit is not supported: STEVAL-BFA001V1B
2023-06-01 15:08:09,320 [INFO] BoardInfo:880 - No configuration file found for board STEVAL-BFA001V2B
2023-06-01 15:08:09,320 [INFO] DbBoards:157 - Kit is not supported: STEVAL-BFA001V2B
2023-06-01 15:08:09,677 [INFO] DbBoards:161 - Found 187 boards, 184 are supported
2023-06-01 15:08:09,697 [INFO] ApiDb:423 - Load user favorites file C:\Users\User/.stm32cubeide/favorites.boards.txt: 0 item(s)
2023-06-01 15:08:09,697 [INFO] ApiDb:427 - User favorites Boards=[]
2023-06-01 15:08:09,698 [INFO] DbBoards:190 - Set 0 / 0 favorites Boards
2023-06-01 15:08:09,701 [INFO] ApiDb:668 - CubeFinder database Data Model version=2.1
2023-06-01 15:08:09,701 [INFO] ApiDb:669 - CubeFinder database Configuration version=3.0.35
2023-06-01 15:08:09,701 [INFO] ApiDb:670 - CubeFinder database generation date=2023-05-12 (1683877179)
2023-06-01 15:08:09,701 [INFO] ApiDb:671 - CubeFinder database FW Pack versions=[FP-ATR-ASTRA1_V2.0.0, FP-SNS-FLIGHT1_V5.0.0, FP-SNS-MOTENV1_V4.3.0, STM32Cube_FW_C0_V1.0.1, STM32Cube_FW_F0_V1.11.4, STM32Cube_FW_F3_V1.11.4, STM32Cube_FW_F4_V1.27.1, STM32Cube_FW_F7_V1.17.0, STM32Cube_FW_G0_V1.6.1, STM32Cube_FW_G4_V1.5.1, STM32Cube_FW_H5_V0.5.1, STM32Cube_FW_H5_V1.0.0, STM32Cube_FW_H7_V1.11.0, STM32Cube_FW_L0_V1.12.2, STM32Cube_FW_L5_V1.5.0, STM32Cube_FW_U5_V1.2.0, STM32Cube_FW_WBA_V1.0.0, STM32Cube_FW_WBA_V1.0.0RC1, STM32Cube_FW_WBA_V1.0.0RC3, STM32Cube_FW_WB_V1.15.0RC1, STM32Cube_FW_WB_V1.16.0, STM32Cube_FW_WB_V1.16.0RC2, STM32Cube_FW_WL_V1.3.0, X-CUBE-ALGOBUILD_V1.3.0, X-CUBE-ALS_V1.0.1, X-CUBE-AZRTOS-F4_V1.1.0, X-CUBE-AZRTOS-F7_V1.1.0, X-CUBE-AZRTOS-G0_V1.1.0, X-CUBE-AZRTOS-G4_V2.0.0, X-CUBE-AZRTOS-H7_V3.1.0, X-CUBE-AZRTOS-L4_V1.0.0, X-CUBE-AZRTOS-L5_V1.1.0, X-CUBE-AZRTOS-WB_V1.1.0, X-CUBE-AZRTOS-WL_V1.0.0, X-CUBE-BLE1_V6.2.4, X-CUBE-BLE2_V3.3.0, X-CUBE-BLEMGR_V2.0.0, X-CUBE-EEPRMA1_V4.1.0, X-CUBE-FREERTOS_V1.0.1, X-CUBE-GNSS1_V6.0.0, X-CUBE-MEMS1_V9.1.0, X-CUBE-MEMS1_V9.4.0, X-CUBE-MEMS1_V9.6.0, X-CUBE-NFC4_V3.0.0, X-CUBE-NFC7_V1.0.0, X-CUBE-SFXS2LP1_V4.0.0, X-CUBE-SUBG2_V5.0.0]
2023-06-01 15:08:10,597 [INFO] DbExamplesSqlite:376 - Ignored 45 examples not supported by CubeIDE
2023-06-01 15:08:10,597 [INFO] DbExamplesSqlite:377 - Found 7342 examples active
2023-06-01 15:08:10,597 [INFO] DbExamplesSqlite:378 - Found 1107 examples obsolete
2023-06-01 15:08:10,597 [INFO] DbExamplesSqlite:379 - Found 0 examples under development
2023-06-01 15:08:10,598 [INFO] DbExamplesSqlite:380 - Found 77 examples not building
2023-06-01 15:08:10,599 [INFO] DbExamples:125 - Found 7374 examples
2023-06-01 15:08:10,617 [INFO] DbExamples:222 - Found 92 boards with related examples
2023-06-01 15:08:10,618 [INFO] DbExamples:235 - Found 78 MCUs with related examples
2023-06-01 15:08:10,646 [INFO] ApiDb:414 - User favorites file not found: C:\Users\User/.stm32cubeide/favorites.examples.txt
2023-06-01 15:08:10,646 [INFO] DbExamples:250 - Set 0 / 0 favorites Examples
2023-06-01 15:08:11,240 [INFO] McuFinderGlobals:66 - Set McuFinderConnectedMode to true
2023-06-01 15:08:11,249 [INFO] MultiScanPanel:200 - Auto-refresh data requested => check proxy status ongoing
2023-06-01 15:08:11,260 [INFO] FinderPluginLoader:95 - Searching for filters in installed packs
2023-06-01 15:08:12,932 [INFO] LoadUrlFilesThread:185 - End of LoadServerUrlFiles without Thread
2023-06-01 15:08:13,040 [INFO] DetailPanel:341 - Set advertising image to C:/Users/User/STM32Cube/Repository/\en.prom-stm32h5-mcu-finder.jpg
2023-06-01 15:11:56,851 [INFO] MainUpdater:2854 - connection check result : 10
2023-06-01 15:11:56,851 [INFO] MainUpdater:2854 - connection check result : 10
2023-06-01 15:11:57,013 [INFO] MicroXplorer:468 - Change Database Path : 
2023-06-01 15:11:57,014 [INFO] MicroXplorer:498 - Change Database Version : DB.6.0.80
2023-06-01 15:11:57,014 [WARN] ThirdParty:871 - waiting for thirdparty lock release [close project]
2023-06-01 15:11:57,014 [INFO] ThirdParty:873 - entering critical section [close project]
2023-06-01 15:11:57,015 [INFO] ThirdParty:883 - exiting critical section [close project]
2023-06-01 15:11:57,017 [INFO] PinOutPanel:1499 - setPackage(No Configuration,No Configuration)
2023-06-01 15:11:57,022 [INFO] UtilMem:75 - Begin LoadConfig() Used Memory: 449964168 Bytes (660602880)
2023-06-01 15:11:57,023 [INFO] MicroXplorer:468 - Change Database Path : 
2023-06-01 15:11:57,023 [INFO] MicroXplorer:498 - Change Database Version : DB.6.0.80
2023-06-01 15:11:57,023 [INFO] OpenFileManager:308 - Change cursor
2023-06-01 15:11:57,450 [INFO] Mcu:1937 - Initializing MCU STM32F401CBUx STM32F401CBUx 
2023-06-01 15:11:57,451 [INFO] Mcu:1950 - No CPN specified => set CPN to STM32F401CBU3
2023-06-01 15:11:59,629 [INFO] Context:659 - Trying to add GPIOservice into a context  which must be forbidden
2023-06-01 15:12:00,289 [INFO] ImportTextPane:194 - (OptionalMessage_ERROR) Unable to find key (Mcu.ThirdPartyNb) in loaded IOC file
2023-06-01 15:12:00,289 [INFO] ImportTextPane:194 - (OptionalMessage_ERROR) Unable to find key (Mcu.PinsNb) in loaded IOC file
2023-06-01 15:12:00,290 [INFO] ImportTextPane:194 - (OptionalMessage_ERROR) Unable to find key (Mcu.IPNb) in loaded IOC file
2023-06-01 15:12:00,634 [INFO] RtosManager:555 - Registered RTOS mode: class=CMSIS, group=RTOS, mode=CMSIS_V1, owner=FREERTOS
2023-06-01 15:12:00,634 [INFO] RtosManager:555 - Registered RTOS mode: class=CMSIS, group=RTOS2, mode=CMSIS_V2, owner=FREERTOS
2023-06-01 15:12:00,634 [INFO] RtosManager:555 - Registered RTOS mode: class=RTOS, group=Core, mode=CMSIS_V1, owner=FREERTOS
2023-06-01 15:12:00,635 [INFO] RtosManager:555 - Registered RTOS mode: class=RTOS, group=Core, mode=CMSIS_V2, owner=FREERTOS
2023-06-01 15:12:00,635 [WARN] ModelIntegratedComponent:184 - Missing modes for component STMicroelectronics:FreeRTOS:0.0.1:STMicroelectronics:RTOS:FreeRTOS:Core:::10.2.0:
2023-06-01 15:12:00,643 [WARN] ModelIntegratedComponent:182 - Modes not found for component STMicroelectronics:USB_HOST:1.0.0:STMicroelectronics:USB::USB Host:Audio HS::1.0:USB_HOST_1_0_RESTRICTED_HS
2023-06-01 15:12:00,643 [WARN] ModelIntegratedComponent:188 - Modes not found for component STMicroelectronics:USB_HOST:1.0.0:STMicroelectronics:USB::USB Host:Audio HS::1.0:USB_HOST_1_0_RESTRICTED_HS
2023-06-01 15:12:00,643 [WARN] ModelIntegratedComponent:182 - Modes not found for component STMicroelectronics:USB_HOST:1.0.0:STMicroelectronics:USB::USB Host:CDC HS::1.0:USB_HOST_1_0_RESTRICTED_HS
2023-06-01 15:12:00,643 [WARN] ModelIntegratedComponent:188 - Modes not found for component STMicroelectronics:USB_HOST:1.0.0:STMicroelectronics:USB::USB Host:CDC HS::1.0:USB_HOST_1_0_RESTRICTED_HS
2023-06-01 15:12:00,643 [WARN] ModelIntegratedComponent:182 - Modes not found for component STMicroelectronics:USB_HOST:1.0.0:STMicroelectronics:USB::USB Host:MSC HS::1.0:USB_HOST_1_0_RESTRICTED_HS
2023-06-01 15:12:00,643 [WARN] ModelIntegratedComponent:188 - Modes not found for component STMicroelectronics:USB_HOST:1.0.0:STMicroelectronics:USB::USB Host:MSC HS::1.0:USB_HOST_1_0_RESTRICTED_HS
2023-06-01 15:12:00,643 [WARN] ModelIntegratedComponent:182 - Modes not found for component STMicroelectronics:USB_HOST:1.0.0:STMicroelectronics:USB::USB Host:HID HS::1.0:USB_HOST_1_0_RESTRICTED_HS
2023-06-01 15:12:00,643 [WARN] ModelIntegratedComponent:188 - Modes not found for component STMicroelectronics:USB_HOST:1.0.0:STMicroelectronics:USB::USB Host:HID HS::1.0:USB_HOST_1_0_RESTRICTED_HS
2023-06-01 15:12:00,643 [WARN] ModelIntegratedComponent:182 - Modes not found for component STMicroelectronics:USB_HOST:1.0.0:STMicroelectronics:USB::USB Host:MTP HS::1.0:USB_HOST_1_0_RESTRICTED_HS
2023-06-01 15:12:00,643 [WARN] ModelIntegratedComponent:188 - Modes not found for component STMicroelectronics:USB_HOST:1.0.0:STMicroelectronics:USB::USB Host:MTP HS::1.0:USB_HOST_1_0_RESTRICTED_HS
2023-06-01 15:12:00,656 [WARN] ModelIntegratedComponent:63 - No mode defined for component null
2023-06-01 15:12:00,657 [WARN] ModelIntegratedComponent:63 - No mode defined for component null
2023-06-01 15:12:00,657 [WARN] ModelIntegratedComponent:63 - No mode defined for component null
2023-06-01 15:12:00,657 [WARN] ModelIntegratedComponent:63 - No mode defined for component null
2023-06-01 15:12:00,657 [WARN] ModelIntegratedComponent:63 - No mode defined for component null
2023-06-01 15:12:00,657 [WARN] ModelIntegratedComponent:63 - No mode defined for component null
2023-06-01 15:12:00,657 [WARN] ModelIntegratedComponent:63 - No mode defined for component null
2023-06-01 15:12:00,657 [WARN] ModelIntegratedComponent:63 - No mode defined for component null
2023-06-01 15:12:00,658 [WARN] ModelIntegratedComponent:63 - No mode defined for component null
2023-06-01 15:12:00,658 [WARN] ModelIntegratedComponent:63 - No mode defined for component null
2023-06-01 15:12:00,658 [WARN] ModelIntegratedComponent:63 - No mode defined for component null
2023-06-01 15:12:00,658 [WARN] ModelIntegratedComponent:63 - No mode defined for component null
2023-06-01 15:12:00,658 [WARN] ModelIntegratedComponent:63 - No mode defined for component null
2023-06-01 15:12:00,658 [WARN] ModelIntegratedComponent:63 - No mode defined for component null
2023-06-01 15:12:00,658 [WARN] ModelIntegratedComponent:63 - No mode defined for component null
2023-06-01 15:12:00,658 [WARN] ModelIntegratedComponent:63 - No mode defined for component null
2023-06-01 15:12:00,658 [WARN] ModelIntegratedComponent:63 - No mode defined for component null
2023-06-01 15:12:00,659 [WARN] ModelIntegratedComponent:63 - No mode defined for component null
2023-06-01 15:12:00,659 [WARN] ModelIntegratedComponent:63 - No mode defined for component null
2023-06-01 15:12:00,659 [WARN] ModelIntegratedComponent:63 - No mode defined for component null
2023-06-01 15:12:00,659 [WARN] ModelIntegratedComponent:63 - No mode defined for component null
2023-06-01 15:12:00,659 [WARN] ModelIntegratedComponent:63 - No mode defined for component null
2023-06-01 15:12:00,659 [WARN] ModelIntegratedComponent:63 - No mode defined for component null
2023-06-01 15:12:00,659 [WARN] ModelIntegratedComponent:63 - No mode defined for component null
2023-06-01 15:12:00,659 [WARN] ModelIntegratedComponent:63 - No mode defined for component null
2023-06-01 15:12:00,659 [WARN] ModelIntegratedComponent:63 - No mode defined for component null
2023-06-01 15:12:00,659 [WARN] ModelIntegratedComponent:63 - No mode defined for component null
2023-06-01 15:12:00,659 [WARN] ModelIntegratedComponent:63 - No mode defined for component null
2023-06-01 15:12:00,660 [WARN] ModelIntegratedComponent:63 - No mode defined for component null
2023-06-01 15:12:00,660 [WARN] ModelIntegratedComponent:63 - No mode defined for component null
2023-06-01 15:12:00,660 [WARN] ModelIntegratedComponent:63 - No mode defined for component null
2023-06-01 15:12:00,660 [WARN] ModelIntegratedComponent:63 - No mode defined for component null
2023-06-01 15:12:00,660 [WARN] ModelIntegratedComponent:63 - No mode defined for component null
2023-06-01 15:12:00,777 [WARN] ModelIntegratedComponent:182 - Modes not found for component STMicroelectronics:USB_DEVICE:1.0.0:STMicroelectronics:USB::USB Device:Audio HS::1.0:USB_DEVICE_1_0_RESTRICTED_HS
2023-06-01 15:12:00,777 [WARN] ModelIntegratedComponent:188 - Modes not found for component STMicroelectronics:USB_DEVICE:1.0.0:STMicroelectronics:USB::USB Device:Audio HS::1.0:USB_DEVICE_1_0_RESTRICTED_HS
2023-06-01 15:12:00,777 [WARN] ModelIntegratedComponent:182 - Modes not found for component STMicroelectronics:USB_DEVICE:1.0.0:STMicroelectronics:USB::USB Device:CDC HS::1.0:USB_DEVICE_1_0_RESTRICTED_HS
2023-06-01 15:12:00,777 [WARN] ModelIntegratedComponent:188 - Modes not found for component STMicroelectronics:USB_DEVICE:1.0.0:STMicroelectronics:USB::USB Device:CDC HS::1.0:USB_DEVICE_1_0_RESTRICTED_HS
2023-06-01 15:12:00,777 [WARN] ModelIntegratedComponent:182 - Modes not found for component STMicroelectronics:USB_DEVICE:1.0.0:STMicroelectronics:USB::USB Device:DFU HS::1.0:USB_DEVICE_1_0_RESTRICTED_HS
2023-06-01 15:12:00,778 [WARN] ModelIntegratedComponent:188 - Modes not found for component STMicroelectronics:USB_DEVICE:1.0.0:STMicroelectronics:USB::USB Device:DFU HS::1.0:USB_DEVICE_1_0_RESTRICTED_HS
2023-06-01 15:12:00,778 [WARN] ModelIntegratedComponent:182 - Modes not found for component STMicroelectronics:USB_DEVICE:1.0.0:STMicroelectronics:USB::USB Device:HID HS::1.0:USB_DEVICE_1_0_RESTRICTED_HS
2023-06-01 15:12:00,778 [WARN] ModelIntegratedComponent:188 - Modes not found for component STMicroelectronics:USB_DEVICE:1.0.0:STMicroelectronics:USB::USB Device:HID HS::1.0:USB_DEVICE_1_0_RESTRICTED_HS
2023-06-01 15:12:00,778 [WARN] ModelIntegratedComponent:182 - Modes not found for component STMicroelectronics:USB_DEVICE:1.0.0:STMicroelectronics:USB::USB Device:Custom HID HS::1.0:USB_DEVICE_1_0_RESTRICTED_HS
2023-06-01 15:12:00,778 [WARN] ModelIntegratedComponent:188 - Modes not found for component STMicroelectronics:USB_DEVICE:1.0.0:STMicroelectronics:USB::USB Device:Custom HID HS::1.0:USB_DEVICE_1_0_RESTRICTED_HS
2023-06-01 15:12:00,778 [WARN] ModelIntegratedComponent:182 - Modes not found for component STMicroelectronics:USB_DEVICE:1.0.0:STMicroelectronics:USB::USB Device:MSC HS::1.0:USB_DEVICE_1_0_RESTRICTED_HS
2023-06-01 15:12:00,778 [WARN] ModelIntegratedComponent:188 - Modes not found for component STMicroelectronics:USB_DEVICE:1.0.0:STMicroelectronics:USB::USB Device:MSC HS::1.0:USB_DEVICE_1_0_RESTRICTED_HS
2023-06-01 15:12:00,792 [INFO] ThirdPartyModel:298 - Start build external matchings
2023-06-01 15:12:01,640 [INFO] ThirdPartyModel:316 - End build external matchings
2023-06-01 15:12:01,921 [INFO] UtilMem:75 - End LoadConfig() Used Memory: 474528840 Bytes (660602880)
2023-06-01 15:12:02,001 [WARN] ThirdParty:833 - waiting for thirdparty lock release [change project]
2023-06-01 15:12:02,001 [INFO] ThirdParty:835 - entering critical section [change project]
2023-06-01 15:12:02,001 [INFO] ThirdParty:1030 - CMSIS Pack Vendor :STMicroelectronics X-CUBE-ISPU 1.1.0
2023-06-01 15:12:02,001 [INFO] ThirdParty:1030 - CMSIS Pack Vendor :STMicroelectronics X-CUBE-GNSS1 6.0.0
2023-06-01 15:12:02,001 [INFO] ThirdParty:1030 - CMSIS Pack Vendor :STMicroelectronics USB_HOST 2.0.0
2023-06-01 15:12:02,001 [INFO] ThirdParty:1030 - CMSIS Pack Vendor :STMicroelectronics X-CUBE-AZRTOS-F4 1.1.0
2023-06-01 15:12:02,001 [INFO] ThirdParty:1030 - CMSIS Pack Vendor :STMicroelectronics LIBJPEG 8.0.0
2023-06-01 15:12:02,001 [INFO] ThirdParty:1030 - CMSIS Pack Vendor :STMicroelectronics X-CUBE-SMBUS 2.1.0
2023-06-01 15:12:02,001 [INFO] ThirdParty:1030 - CMSIS Pack Vendor :wolfSSL I-CUBE-wolfSSL 5.6.0
2023-06-01 15:12:02,001 [INFO] ThirdParty:1030 - CMSIS Pack Vendor :STMicroelectronics USB_DEVICE 3.0.0
2023-06-01 15:12:02,002 [INFO] ThirdParty:1030 - CMSIS Pack Vendor :STMicroelectronics X-CUBE-AI 8.0.0
2023-06-01 15:12:02,002 [INFO] ThirdParty:1030 - CMSIS Pack Vendor :STMicroelectronics X-CUBE-FREERTOS 1.0.1
2023-06-01 15:12:02,002 [INFO] ThirdParty:1030 - CMSIS Pack Vendor :STMicroelectronics X-CUBE-TOUCHGFX 4.21.3
2023-06-01 15:12:02,002 [INFO] ThirdParty:1030 - CMSIS Pack Vendor :STMicroelectronics X-CUBE-AZRTOS-F7 1.1.0
2023-06-01 15:12:02,002 [INFO] ThirdParty:1030 - CMSIS Pack Vendor :STMicroelectronics X-CUBE-TOUCHGFX 4.21.4
2023-06-01 15:12:02,002 [INFO] ThirdParty:1030 - CMSIS Pack Vendor :STMicroelectronics USB_DEVICE 2.0.0
2023-06-01 15:12:02,002 [INFO] ThirdParty:1030 - CMSIS Pack Vendor :STMicroelectronics X-CUBE-MEMS1 9.6.0
2023-06-01 15:12:02,002 [INFO] ThirdParty:1030 - CMSIS Pack Vendor :STMicroelectronics FP-SNS-MOTENV1 4.3.1
2023-06-01 15:12:02,002 [INFO] ThirdParty:1030 - CMSIS Pack Vendor :STMicroelectronics FP-SNS-FLIGHT1 5.0.1
2023-06-01 15:12:02,002 [INFO] ThirdParty:1030 - CMSIS Pack Vendor :STMicroelectronics X-CUBE-ALGOBUILD 1.3.0
2023-06-01 15:12:02,002 [INFO] ThirdParty:1030 - CMSIS Pack Vendor :STMicroelectronics X-CUBE-BLE1 6.2.4
2023-06-01 15:12:02,002 [INFO] ThirdParty:1030 - CMSIS Pack Vendor :STMicroelectronics X-CUBE-AZRTOS-L5 1.1.0
2023-06-01 15:12:02,002 [INFO] ThirdParty:1030 - CMSIS Pack Vendor :STMicroelectronics FreeRTOS 0.0.1
2023-06-01 15:12:02,002 [INFO] ThirdParty:1030 - CMSIS Pack Vendor :STMicroelectronics X-CUBE-AZRTOS-G0 1.1.0
2023-06-01 15:12:02,002 [INFO] ThirdParty:1030 - CMSIS Pack Vendor :emotas I-CUBE-CANOPEN 1.1.3
2023-06-01 15:12:02,002 [INFO] ThirdParty:1030 - CMSIS Pack Vendor :STMicroelectronics X-CUBE-BLEMGR 2.0.0
2023-06-01 15:12:02,002 [INFO] ThirdParty:1030 - CMSIS Pack Vendor :STMicroelectronics X-CUBE-AI 8.0.1
2023-06-01 15:12:02,002 [INFO] ThirdParty:1030 - CMSIS Pack Vendor :STMicroelectronics X-CUBE-NFC4 3.0.0
2023-06-01 15:12:02,002 [INFO] ThirdParty:1030 - CMSIS Pack Vendor :STMicroelectronics X-CUBE-SUBG2 5.0.0
2023-06-01 15:12:02,002 [INFO] ThirdParty:1030 - CMSIS Pack Vendor :STMicroelectronics STM32_WPAN 1.0.0
2023-06-01 15:12:02,003 [INFO] ThirdParty:1030 - CMSIS Pack Vendor :STMicroelectronics lwIP 2.0.3
2023-06-01 15:12:02,003 [INFO] ThirdParty:1030 - CMSIS Pack Vendor :STMicroelectronics USB_HOST 1.0.0
2023-06-01 15:12:02,003 [INFO] ThirdParty:1030 - CMSIS Pack Vendor :STMicroelectronics X-CUBE-AZRTOS-G4 2.0.0
2023-06-01 15:12:02,003 [INFO] ThirdParty:1030 - CMSIS Pack Vendor :STMicroelectronics PDM2PCM 3.1.0
2023-06-01 15:12:02,003 [INFO] ThirdParty:1030 - CMSIS Pack Vendor :STMicroelectronics X-CUBE-AZRTOS-H7 3.1.0
2023-06-01 15:12:02,003 [INFO] ThirdParty:1030 - CMSIS Pack Vendor :STMicroelectronics X-CUBE-TOF1 3.3.0
2023-06-01 15:12:02,003 [INFO] ThirdParty:1030 - CMSIS Pack Vendor :STMicroelectronics FP-ATR-ASTRA1 1.1.1
2023-06-01 15:12:02,003 [INFO] ThirdParty:1030 - CMSIS Pack Vendor :STMicroelectronics PDM2PCM 3.3.0
2023-06-01 15:12:02,003 [INFO] ThirdParty:1030 - CMSIS Pack Vendor :STMicroelectronics X-CUBE-DISPLAY 3.0.0
2023-06-01 15:12:02,003 [INFO] ThirdParty:1030 - CMSIS Pack Vendor :STMicroelectronics FP-ATR-SIGFOX1 3.2.0
2023-06-01 15:12:02,003 [INFO] ThirdParty:1030 - CMSIS Pack Vendor :STMicroelectronics X-CUBE-AZRTOS-G4 1.0.0
2023-06-01 15:12:02,003 [INFO] ThirdParty:1030 - CMSIS Pack Vendor :STMicroelectronics X-CUBE-AZRTOS-L4 1.0.0
2023-06-01 15:12:02,003 [INFO] ThirdParty:1030 - CMSIS Pack Vendor :STMicroelectronics HAL Drivers 0.0.0
2023-06-01 15:12:02,003 [INFO] ThirdParty:1030 - CMSIS Pack Vendor :STMicroelectronics MBEDTLS 2.16.2
2023-06-01 15:12:02,003 [INFO] ThirdParty:1030 - CMSIS Pack Vendor :STMicroelectronics MBEDTLS 2.14.1
2023-06-01 15:12:02,003 [INFO] ThirdParty:1030 - CMSIS Pack Vendor :STMicroelectronics X-CUBE-NFC7 1.0.0
2023-06-01 15:12:02,003 [INFO] ThirdParty:1030 - CMSIS Pack Vendor :STMicroelectronics X-CUBE-AZRTOS-WL 1.0.0
2023-06-01 15:12:02,003 [INFO] ThirdParty:1030 - CMSIS Pack Vendor :STMicroelectronics X-CUBE-EEPRMA1 4.1.0
2023-06-01 15:12:02,003 [INFO] ThirdParty:1030 - CMSIS Pack Vendor :portGmbH I-Cube-SoM-uGOAL 1.1.0
2023-06-01 15:12:02,003 [INFO] ThirdParty:1030 - CMSIS Pack Vendor :STMicroelectronics X-CUBE-ALS 1.0.1
2023-06-01 15:12:02,004 [INFO] ThirdParty:1030 - CMSIS Pack Vendor :STMicroelectronics X-CUBE-MEMS1 9.5.0
2023-06-01 15:12:02,004 [INFO] ThirdParty:1030 - CMSIS Pack Vendor :STMicroelectronics ThreadX 1.0.0
2023-06-01 15:12:02,004 [INFO] ThirdParty:1030 - CMSIS Pack Vendor :STMicroelectronics X-CUBE-AZRTOS-WB 1.1.0
2023-06-01 15:12:02,004 [INFO] ThirdParty:1030 - CMSIS Pack Vendor :STMicroelectronics X-CUBE-AZRTOS-WL 2.0.0
2023-06-01 15:12:02,004 [INFO] ThirdParty:1030 - CMSIS Pack Vendor :SEGGER I-CUBE-embOS 1.3.1
2023-06-01 15:12:02,004 [INFO] ThirdParty:1030 - CMSIS Pack Vendor :STMicroelectronics USB_DEVICE 1.0.0
2023-06-01 15:12:02,004 [INFO] ThirdParty:1030 - CMSIS Pack Vendor :STMicroelectronics X-CUBE-AZRTOS-L4 2.0.0
2023-06-01 15:12:02,004 [INFO] ThirdParty:1030 - CMSIS Pack Vendor :STMicroelectronics ThreadX 0.0.2
2023-06-01 15:12:02,004 [INFO] ThirdParty:1030 - CMSIS Pack Vendor :WES I-CUBE-Cesium 1.3.0
2023-06-01 15:12:02,004 [INFO] ThirdParty:1030 - CMSIS Pack Vendor :STMicroelectronics FP-ATR-ASTRA1 2.0.0
2023-06-01 15:12:02,004 [INFO] ThirdParty:1030 - CMSIS Pack Vendor :STMicroelectronics lwIP 2.1.2
2023-06-01 15:12:02,004 [INFO] ThirdParty:1030 - CMSIS Pack Vendor :STMicroelectronics X-CUBE-SFXS2LP1 4.0.0
2023-06-01 15:12:02,004 [INFO] ThirdParty:1030 - CMSIS Pack Vendor :STMicroelectronics X-CUBE-BLE2 3.3.0
2023-06-01 15:12:02,004 [INFO] ThirdParty:1030 - CMSIS Pack Vendor :STMicroelectronics PDM2PCM 3.2.0
2023-06-01 15:12:02,004 [INFO] ThirdParty:841 - exiting critical section [change project]
2023-06-01 15:12:02,473 [INFO] PinOutPanel:1499 - setPackage(No Configuration,No Configuration)
2023-06-01 15:12:02,476 [INFO] PinOutPanel:1499 - setPackage(STM32F401CBUx,UFQFPN48)
2023-06-01 15:12:03,065 [INFO] UtilMem:75 - Before build in PCC Used Memory: 478026344 Bytes (660602880)
2023-06-01 15:12:04,868 [INFO] UtilMem:75 - After build in PCC Used Memory: 499535432 Bytes (660602880)
2023-06-01 15:12:04,907 [INFO] IPUIPlugin:80 - create IPUIPlugin
2023-06-01 15:12:04,907 [INFO] IPUIPlugin:80 - create IPUIPlugin
2023-06-01 15:12:04,910 [INFO] IPUIPlugin:80 - create IPUIPlugin
2023-06-01 15:12:04,910 [INFO] IPUIPlugin:80 - create IPUIPlugin
2023-06-01 15:12:04,910 [INFO] IPUIPlugin:80 - create IPUIPlugin
2023-06-01 15:12:04,910 [INFO] IPUIPlugin:80 - create IPUIPlugin
2023-06-01 15:12:04,910 [INFO] IPUIPlugin:80 - create IPUIPlugin
2023-06-01 15:12:04,910 [INFO] IPUIPlugin:80 - create IPUIPlugin
2023-06-01 15:12:04,911 [INFO] IPUIPlugin:80 - create IPUIPlugin
2023-06-01 15:12:04,911 [INFO] IPUIPlugin:80 - create IPUIPlugin
2023-06-01 15:12:04,911 [INFO] IPUIPlugin:80 - create IPUIPlugin
2023-06-01 15:12:04,911 [INFO] IPUIPlugin:80 - create IPUIPlugin
2023-06-01 15:12:04,911 [INFO] IPUIPlugin:80 - create IPUIPlugin
2023-06-01 15:12:04,912 [INFO] IPUIPlugin:80 - create IPUIPlugin
2023-06-01 15:12:04,912 [INFO] IPUIPlugin:80 - create IPUIPlugin
2023-06-01 15:12:04,912 [INFO] IPUIPlugin:80 - create IPUIPlugin
2023-06-01 15:12:04,913 [INFO] IPUIPlugin:80 - create IPUIPlugin
2023-06-01 15:12:04,913 [INFO] IPUIPlugin:80 - create IPUIPlugin
2023-06-01 15:12:04,913 [INFO] IPUIPlugin:80 - create IPUIPlugin
2023-06-01 15:12:04,913 [INFO] IPUIPlugin:80 - create IPUIPlugin
2023-06-01 15:12:04,914 [INFO] IPUIPlugin:80 - create IPUIPlugin
2023-06-01 15:12:04,914 [INFO] IPUIPlugin:80 - create IPUIPlugin
2023-06-01 15:12:04,915 [INFO] IPUIPlugin:80 - create IPUIPlugin
2023-06-01 15:12:04,915 [INFO] IPUIPlugin:80 - create IPUIPlugin
2023-06-01 15:12:04,916 [INFO] IPUIPlugin:80 - create IPUIPlugin
2023-06-01 15:12:04,916 [INFO] IPUIPlugin:80 - create IPUIPlugin
2023-06-01 15:12:04,917 [INFO] IPUIPlugin:80 - create IPUIPlugin
2023-06-01 15:12:04,917 [INFO] IPUIPlugin:80 - create IPUIPlugin
2023-06-01 15:12:04,917 [INFO] IPUIPlugin:80 - create IPUIPlugin
2023-06-01 15:12:04,918 [INFO] IPUIPlugin:80 - create IPUIPlugin
2023-06-01 15:12:04,918 [INFO] IPUIPlugin:80 - create IPUIPlugin
2023-06-01 15:12:04,919 [INFO] IPUIPlugin:80 - create IPUIPlugin
2023-06-01 15:12:04,919 [INFO] IPUIPlugin:80 - create IPUIPlugin
2023-06-01 15:12:04,920 [INFO] IPUIPlugin:80 - create IPUIPlugin
2023-06-01 15:12:04,920 [INFO] IPUIPlugin:80 - create IPUIPlugin
2023-06-01 15:12:04,921 [INFO] IPUIPlugin:80 - create IPUIPlugin
2023-06-01 15:12:04,921 [INFO] IPUIPlugin:80 - create IPUIPlugin
2023-06-01 15:12:05,050 [INFO] ApiDbMcu:507 - Load IP Config File for PDM2PCM
2023-06-01 15:12:05,641 [INFO] CADModel:165 - CPN selected for project levelSTM32F401CBU3
2023-06-01 15:12:05,641 [INFO] CADModel:114 - Register for checkConnection events
2023-06-01 15:12:05,690 [INFO] OpenFileManager:328 - Restore cursor
2023-06-01 15:12:07,135 [INFO] UtilMem:75 - End SaveConfig() Used Memory: 564399080 Bytes (660602880)
2023-06-01 15:12:07,224 [INFO] UtilMem:75 - End SaveConfig() Used Memory: 460341928 Bytes (660602880)
2023-06-01 15:12:08,148 [INFO] BlockDiagram:2759 - set Specific Code input for plugin: NVIC
2023-06-01 15:12:08,149 [INFO] BlockDiagram:2759 - set Specific Code input for plugin: RCC
2023-06-01 15:12:08,150 [INFO] CodeGenerator:793 - code generatio: config db path: C:\ST\STM32CubeIDE_1.12.0\STM32CubeIDE\plugins\com.st.stm32cube.common.mx_6.8.0.202302231600\\db\
2023-06-01 15:12:08,664 [INFO] CodeEngine:255 - oldGeneratedFile, C:\Users\User\Desktop\30pts\30pts\MXTmpFiles\license.tmp_save
2023-06-01 15:12:09,257 [INFO] CodeEngine:279 - Generated code: C:\Users\User\Desktop\30pts\30pts\MXTmpFiles\license.tmp
2023-06-01 15:12:09,305 [INFO] CodeEngine:255 - oldGeneratedFile, C:\Users\User\Desktop\30pts\30pts\Core\Src\stm32f4xx_it.c_save
2023-06-01 15:12:09,498 [INFO] CodeEngine:279 - Generated code: C:\Users\User\Desktop\30pts\30pts\Core\Src\stm32f4xx_it.c
2023-06-01 15:12:09,505 [INFO] CodeEngine:255 - oldGeneratedFile, C:\Users\User\Desktop\30pts\30pts\Core\Inc\stm32f4xx_it.h_save
2023-06-01 15:12:09,619 [INFO] CodeEngine:279 - Generated code: C:\Users\User\Desktop\30pts\30pts\Core\Inc\stm32f4xx_it.h
2023-06-01 15:12:09,690 [ERROR] LogOutputStream:75 - [STDERR_REDIRECT] Jun 01, 2023 3:12:09 PM java.util.prefs.WindowsPreferences keysSpi
2023-06-01 15:12:09,694 [ERROR] LogOutputStream:75 - [STDERR_REDIRECT] WARNING: Could not enumerate value #1  of windows node Software\JavaSoft\Prefs\com\st\library\recent at root 0xffffffff80000001.
2023-06-01 15:12:09,694 [ERROR] LogOutputStream:75 - [STDERR_REDIRECT] 
2023-06-01 15:12:09,695 [ERROR] ProjectIdentifier:218 - BackingStoreException in project preferences: java.util.prefs.BackingStoreException: Could not enumerate value #1  of windows node Software\JavaSoft\Prefs\com\st\library\recent at root 0xffffffff80000001.
2023-06-01 15:12:09,875 [INFO] CodeEngine:255 - oldGeneratedFile, C:\Users\User\Desktop\30pts\30pts\Core\Src\stm32f4xx_hal_msp.c_save
2023-06-01 15:12:10,088 [INFO] CodeEngine:279 - Generated code: C:\Users\User\Desktop\30pts\30pts\Core\Src\stm32f4xx_hal_msp.c
2023-06-01 15:12:10,143 [INFO] CodeEngine:255 - oldGeneratedFile, C:\Users\User\Desktop\30pts\30pts\MXTmpFiles\system.tmp_save
2023-06-01 15:12:10,245 [INFO] CodeEngine:279 - Generated code: C:\Users\User\Desktop\30pts\30pts\MXTmpFiles\system.tmp
2023-06-01 15:12:10,285 [INFO] CodeEngine:311 - oldGeneratedFile, C:\Users\User\Desktop\30pts\30pts\Core\Inc\stm32f4xx_hal_conf.h_save
2023-06-01 15:12:10,451 [INFO] CodeEngine:335 - Generated code: C:\Users\User\Desktop\30pts\30pts\Core\Inc\stm32f4xx_hal_conf.h
2023-06-01 15:12:10,579 [INFO] CodeEngine:255 - oldGeneratedFile, C:\Users\User\Desktop\30pts\30pts\Core\Inc\main.h_save
2023-06-01 15:12:10,727 [INFO] CodeEngine:279 - Generated code: C:\Users\User\Desktop\30pts\30pts\Core\Inc\main.h
2023-06-01 15:12:10,744 [INFO] CodeEngine:255 - oldGeneratedFile, C:\Users\User\Desktop\30pts\30pts\Core\Src\main.c_save
2023-06-01 15:12:10,901 [INFO] CodeEngine:279 - Generated code: C:\Users\User\Desktop\30pts\30pts\Core\Src\main.c
2023-06-01 15:12:11,300 [ERROR] LogOutputStream:75 - [STDERR_REDIRECT] Jun 01, 2023 3:12:11 PM java.util.prefs.WindowsPreferences keysSpi
2023-06-01 15:12:11,302 [ERROR] LogOutputStream:75 - [STDERR_REDIRECT] WARNING: Could not enumerate value #1  of windows node Software\JavaSoft\Prefs\com\st\library\recent at root 0xffffffff80000001.
2023-06-01 15:12:11,302 [ERROR] LogOutputStream:75 - [STDERR_REDIRECT] 
2023-06-01 15:12:11,302 [ERROR] ProjectIdentifier:218 - BackingStoreException in project preferences: java.util.prefs.BackingStoreException: Could not enumerate value #1  of windows node Software\JavaSoft\Prefs\com\st\library\recent at root 0xffffffff80000001.
2023-06-01 15:12:12,753 [INFO] ProjectBuilder:2996 - Time for Copy HAL[1] : 884mS.
2023-06-01 15:12:12,768 [INFO] ProjectBuilder:4304 - Project Generator version: 3.19.2
2023-06-01 15:12:13,331 [INFO] ConfigFileManager:1483 - The Die is : DIE423
2023-06-01 15:12:13,391 [INFO] ApiDbMcu:507 - Load IP Config File for FATFS
2023-06-01 15:12:13,414 [INFO] ApiDbMcu:507 - Load IP Config File for FREERTOS
2023-06-01 15:12:13,429 [INFO] ApiDbMcu:507 - Load IP Config File for LIBJPEG
2023-06-01 15:12:13,497 [INFO] ApiDbMcu:507 - Load IP Config File for MBEDTLS
2023-06-01 15:12:13,565 [INFO] ApiDbMcu:507 - Load IP Config File for USB_DEVICE
2023-06-01 15:12:13,575 [INFO] ApiDbMcu:507 - Load IP Config File for USB_HOST
2023-06-01 15:12:15,181 [INFO] LogOutputStream:77 - [STDOUT_REDIRECT] 
2023-06-01 15:12:23,637 [INFO] ProjectBuilder:4505 - Time for Generating toolchain IDE Files: 10869mS.
2023-06-01 15:12:23,638 [INFO] ProjectBuilder:2867 - Time for Copy CMSIS : 1mS.
2023-06-01 15:12:23,643 [INFO] ProjectBuilder:2867 - Time for Copy CMSIS : 0mS.
2023-06-01 15:12:25,790 [INFO] McuFinderGlobals:66 - Set McuFinderConnectedMode to true
2023-06-01 15:12:25,794 [INFO] ApiDb:448 - Save user favorites file C:\Users\User/.stm32cubeide/favorites.mcus.txt: 1 item(s)
2023-06-01 15:12:25,795 [INFO] ApiDb:452 - User favorites MCUs=[STM32C011F6U3]
2023-06-01 15:12:27,424 [ERROR] LogOutputStream:75 - [STDERR_REDIRECT] Jun 01, 2023 3:12:27 PM java.util.prefs.WindowsPreferences keysSpi
2023-06-01 15:12:27,427 [ERROR] LogOutputStream:75 - [STDERR_REDIRECT] WARNING: Could not enumerate value #1  of windows node Software\JavaSoft\Prefs\com\st\library\recent at root 0xffffffff80000001.
2023-06-01 15:12:27,427 [ERROR] LogOutputStream:75 - [STDERR_REDIRECT] 
2023-06-01 15:12:27,428 [ERROR] ProjectIdentifier:218 - BackingStoreException in project preferences: java.util.prefs.BackingStoreException: Could not enumerate value #1  of windows node Software\JavaSoft\Prefs\com\st\library\recent at root 0xffffffff80000001.
2023-06-01 15:12:29,013 [ERROR] LogOutputStream:75 - [STDERR_REDIRECT] Jun 01, 2023 3:12:29 PM java.util.prefs.WindowsPreferences keysSpi
2023-06-01 15:12:29,015 [ERROR] LogOutputStream:75 - [STDERR_REDIRECT] WARNING: Could not enumerate value #1  of windows node Software\JavaSoft\Prefs\com\st\library\recent at root 0xffffffff80000001.
2023-06-01 15:12:29,016 [ERROR] LogOutputStream:75 - [STDERR_REDIRECT] 
2023-06-01 15:12:29,016 [ERROR] ProjectIdentifier:218 - BackingStoreException in project preferences: java.util.prefs.BackingStoreException: Could not enumerate value #1  of windows node Software\JavaSoft\Prefs\com\st\library\recent at root 0xffffffff80000001.
2023-06-01 15:19:27,680 [ERROR] LogOutputStream:75 - [STDERR_REDIRECT] Jun 01, 2023 3:19:27 PM java.util.prefs.WindowsPreferences keysSpi
2023-06-01 15:19:27,682 [ERROR] LogOutputStream:75 - [STDERR_REDIRECT] WARNING: Could not enumerate value #1  of windows node Software\JavaSoft\Prefs\com\st\library\recent at root 0xffffffff80000001.
2023-06-01 15:19:27,682 [ERROR] LogOutputStream:75 - [STDERR_REDIRECT] 
2023-06-01 15:19:27,682 [ERROR] ProjectIdentifier:218 - BackingStoreException in project preferences: java.util.prefs.BackingStoreException: Could not enumerate value #1  of windows node Software\JavaSoft\Prefs\com\st\library\recent at root 0xffffffff80000001.
2023-06-01 15:19:29,285 [ERROR] LogOutputStream:75 - [STDERR_REDIRECT] Jun 01, 2023 3:19:29 PM java.util.prefs.WindowsPreferences keysSpi
2023-06-01 15:19:29,287 [ERROR] LogOutputStream:75 - [STDERR_REDIRECT] WARNING: Could not enumerate value #1  of windows node Software\JavaSoft\Prefs\com\st\library\recent at root 0xffffffff80000001.
2023-06-01 15:19:29,287 [ERROR] LogOutputStream:75 - [STDERR_REDIRECT] 
2023-06-01 15:19:29,287 [ERROR] ProjectIdentifier:218 - BackingStoreException in project preferences: java.util.prefs.BackingStoreException: Could not enumerate value #1  of windows node Software\JavaSoft\Prefs\com\st\library\recent at root 0xffffffff80000001.
2023-06-01 15:34:14,277 [ERROR] LogOutputStream:75 - [STDERR_REDIRECT] 
2023-06-01 16:08:10,187 [INFO] Activator:176 - 


2023-06-01 16:08:10,190 [INFO] Activator:177 - !SESSION log4j initialized
2023-06-01 16:08:16,459 [INFO] LogOutputStream:77 - [STDOUT_REDIRECT] 
